0:0:0:0:0:0:0:1 - - [31/Jul/2020:09:24:42 +0800] "GET / HTTP/1.1" 404 796 32 Mozilla/5.0 (Windows NT 6.1; Win64; x64) AppleWebKit/537.36 (KHTML, like Gecko) Chrome/80.0.3987.163 Safari/537.36
0:0:0:0:0:0:0:1 - - [31/Jul/2020:09:24:42 +0800] "GET /favicon.ico HTTP/1.1" 404 796 2 Mozilla/5.0 (Windows NT 6.1; Win64; x64) AppleWebKit/537.36 (KHTML, like Gecko) Chrome/80.0.3987.163 Safari/537.36
0:0:0:0:0:0:0:1 - - [31/Jul/2020:09:24:47 +0800] "GET /nacos HTTP/1.1" 302 - 0 Mozilla/5.0 (Windows NT 6.1; Win64; x64) AppleWebKit/537.36 (KHTML, like Gecko) Chrome/80.0.3987.163 Safari/537.36
0:0:0:0:0:0:0:1 - - [31/Jul/2020:09:24:47 +0800] "GET /nacos/ HTTP/1.1" 200 2624 134 Mozilla/5.0 (Windows NT 6.1; Win64; x64) AppleWebKit/537.36 (KHTML, like Gecko) Chrome/80.0.3987.163 Safari/537.36
0:0:0:0:0:0:0:1 - - [31/Jul/2020:09:24:48 +0800] "GET /nacos/console-fe/public/css/merge.css HTTP/1.1" 200 3866 11 Mozilla/5.0 (Windows NT 6.1; Win64; x64) AppleWebKit/537.36 (KHTML, like Gecko) Chrome/80.0.3987.163 Safari/537.36
0:0:0:0:0:0:0:1 - - [31/Jul/2020:09:24:48 +0800] "GET /nacos/console-fe/public/css/codemirror.css HTTP/1.1" 200 8858 33 Mozilla/5.0 (Windows NT 6.1; Win64; x64) AppleWebKit/537.36 (KHTML, like Gecko) Chrome/80.0.3987.163 Safari/537.36
0:0:0:0:0:0:0:1 - - [31/Jul/2020:09:24:48 +0800] "GET /nacos/console-fe/public/css/icon.css HTTP/1.1" 200 5176 39 Mozilla/5.0 (Windows NT 6.1; Win64; x64) AppleWebKit/537.36 (KHTML, like Gecko) Chrome/80.0.3987.163 Safari/537.36
0:0:0:0:0:0:0:1 - - [31/Jul/2020:09:24:48 +0800] "GET /nacos/console-fe/public/css/font-awesome.css HTTP/1.1" 200 33850 46 Mozilla/5.0 (Windows NT 6.1; Win64; x64) AppleWebKit/537.36 (KHTML, like Gecko) Chrome/80.0.3987.163 Safari/537.36
0:0:0:0:0:0:0:1 - - [31/Jul/2020:09:24:48 +0800] "GET /nacos/console-fe/public/js/jquery.js HTTP/1.1" 200 89476 55 Mozilla/5.0 (Windows NT 6.1; Win64; x64) AppleWebKit/537.36 (KHTML, like Gecko) Chrome/80.0.3987.163 Safari/537.36
0:0:0:0:0:0:0:1 - - [31/Jul/2020:09:24:48 +0800] "GET /nacos/console-fe/public/css/bootstrap.css HTTP/1.1" 200 123294 102 Mozilla/5.0 (Windows NT 6.1; Win64; x64) AppleWebKit/537.36 (KHTML, like Gecko) Chrome/80.0.3987.163 Safari/537.36
0:0:0:0:0:0:0:1 - - [31/Jul/2020:09:24:48 +0800] "GET /nacos/console-fe/public/js/javascript.js HTTP/1.1" 200 32209 26 Mozilla/5.0 (Windows NT 6.1; Win64; x64) AppleWebKit/537.36 (KHTML, like Gecko) Chrome/80.0.3987.163 Safari/537.36
0:0:0:0:0:0:0:1 - - [31/Jul/2020:09:24:48 +0800] "GET /nacos/console-fe/public/css/console1412.css HTTP/1.1" 200 156959 111 Mozilla/5.0 (Windows NT 6.1; Win64; x64) AppleWebKit/537.36 (KHTML, like Gecko) Chrome/80.0.3987.163 Safari/537.36
0:0:0:0:0:0:0:1 - - [31/Jul/2020:09:24:48 +0800] "GET /nacos/console-fe/public/js/codemirror.addone.fullscreen.js HTTP/1.1" 200 1983 12 Mozilla/5.0 (Windows NT 6.1; Win64; x64) AppleWebKit/537.36 (KHTML, like Gecko) Chrome/80.0.3987.163 Safari/537.36
0:0:0:0:0:0:0:1 - - [31/Jul/2020:09:24:48 +0800] "GET /nacos/console-fe/public/js/codemirror.addone.lint.js HTTP/1.1" 200 8521 14 Mozilla/5.0 (Windows NT 6.1; Win64; x64) AppleWebKit/537.36 (KHTML, like Gecko) Chrome/80.0.3987.163 Safari/537.36
0:0:0:0:0:0:0:1 - - [31/Jul/2020:09:24:48 +0800] "GET /nacos/console-fe/public/js/xml.js HTTP/1.1" 200 13059 28 Mozilla/5.0 (Windows NT 6.1; Win64; x64) AppleWebKit/537.36 (KHTML, like Gecko) Chrome/80.0.3987.163 Safari/537.36
0:0:0:0:0:0:0:1 - - [31/Jul/2020:09:24:48 +0800] "GET /nacos/console-fe/public/js/codemirror.addone.json-lint.js HTTP/1.1" 200 1443 9 Mozilla/5.0 (Windows NT 6.1; Win64; x64) AppleWebKit/537.36 (KHTML, like Gecko) Chrome/80.0.3987.163 Safari/537.36
0:0:0:0:0:0:0:1 - - [31/Jul/2020:09:24:48 +0800] "GET /nacos/console-fe/public/js/diff_match_patch.js HTTP/1.1" 200 19192 35 Mozilla/5.0 (Windows NT 6.1; Win64; x64) AppleWebKit/537.36 (KHTML, like Gecko) Chrome/80.0.3987.163 Safari/537.36
0:0:0:0:0:0:0:1 - - [31/Jul/2020:09:24:48 +0800] "GET /nacos/console-fe/public/js/codemirror.lib.json-lint.js HTTP/1.1" 200 16798 25 Mozilla/5.0 (Windows NT 6.1; Win64; x64) AppleWebKit/537.36 (KHTML, like Gecko) Chrome/80.0.3987.163 Safari/537.36
0:0:0:0:0:0:0:1 - - [31/Jul/2020:09:24:48 +0800] "GET /nacos/console-fe/public/js/codemirror.lib.clike-lint.js HTTP/1.1" 200 31531 25 Mozilla/5.0 (Windows NT 6.1; Win64; x64) AppleWebKit/537.36 (KHTML, like Gecko) Chrome/80.0.3987.163 Safari/537.36
0:0:0:0:0:0:0:1 - - [31/Jul/2020:09:24:48 +0800] "GET /nacos/console-fe/public/js/merge.js HTTP/1.1" 200 37883 43 Mozilla/5.0 (Windows NT 6.1; Win64; x64) AppleWebKit/537.36 (KHTML, like Gecko) Chrome/80.0.3987.163 Safari/537.36
0:0:0:0:0:0:0:1 - - [31/Jul/2020:09:24:48 +0800] "GET /nacos/console-fe/public/js/loader.js HTTP/1.1" 200 28899 35 Mozilla/5.0 (Windows NT 6.1; Win64; x64) AppleWebKit/537.36 (KHTML, like Gecko) Chrome/80.0.3987.163 Safari/537.36
0:0:0:0:0:0:0:1 - - [31/Jul/2020:09:24:48 +0800] "GET /nacos/css/main.css HTTP/1.1" 200 444221 207 Mozilla/5.0 (Windows NT 6.1; Win64; x64) AppleWebKit/537.36 (KHTML, like Gecko) Chrome/80.0.3987.163 Safari/537.36
0:0:0:0:0:0:0:1 - - [31/Jul/2020:09:24:48 +0800] "GET /nacos/console-fe/public/js/codemirror.js HTTP/1.1" 200 366246 177 Mozilla/5.0 (Windows NT 6.1; Win64; x64) AppleWebKit/537.36 (KHTML, like Gecko) Chrome/80.0.3987.163 Safari/537.36
0:0:0:0:0:0:0:1 - - [31/Jul/2020:09:24:48 +0800] "GET /nacos/js/main.js HTTP/1.1" 200 1380490 169 Mozilla/5.0 (Windows NT 6.1; Win64; x64) AppleWebKit/537.36 (KHTML, like Gecko) Chrome/80.0.3987.163 Safari/537.36
0:0:0:0:0:0:0:1 - - [31/Jul/2020:09:24:48 +0800] "GET /nacos/img/logo-2000-390.svg HTTP/1.1" 200 2106 10 Mozilla/5.0 (Windows NT 6.1; Win64; x64) AppleWebKit/537.36 (KHTML, like Gecko) Chrome/80.0.3987.163 Safari/537.36
0:0:0:0:0:0:0:1 - - [31/Jul/2020:09:24:48 +0800] "GET /nacos/img/black_dot.png HTTP/1.1" 200 114 10 Mozilla/5.0 (Windows NT 6.1; Win64; x64) AppleWebKit/537.36 (KHTML, like Gecko) Chrome/80.0.3987.163 Safari/537.36
0:0:0:0:0:0:0:1 - - [31/Jul/2020:09:24:48 +0800] "GET /nacos/img/nacos.png HTTP/1.1" 200 3588 12 Mozilla/5.0 (Windows NT 6.1; Win64; x64) AppleWebKit/537.36 (KHTML, like Gecko) Chrome/80.0.3987.163 Safari/537.36
0:0:0:0:0:0:0:1 - - [31/Jul/2020:09:24:48 +0800] "GET /nacos/v1/console/server/state?accessToken= HTTP/1.1" 200 82 71 Mozilla/5.0 (Windows NT 6.1; Win64; x64) AppleWebKit/537.36 (KHTML, like Gecko) Chrome/80.0.3987.163 Safari/537.36
0:0:0:0:0:0:0:1 - - [31/Jul/2020:09:24:48 +0800] "GET /nacos/console-fe/public/icons/icon-font.woff2 HTTP/1.1" 404 177 65 Mozilla/5.0 (Windows NT 6.1; Win64; x64) AppleWebKit/537.36 (KHTML, like Gecko) Chrome/80.0.3987.163 Safari/537.36
0:0:0:0:0:0:0:1 - - [31/Jul/2020:09:24:48 +0800] "GET /nacos/console-fe/public/js/vs/editor/editor.main.js HTTP/1.1" 200 1824087 330 Mozilla/5.0 (Windows NT 6.1; Win64; x64) AppleWebKit/537.36 (KHTML, like Gecko) Chrome/80.0.3987.163 Safari/537.36
0:0:0:0:0:0:0:1 - - [31/Jul/2020:09:24:48 +0800] "GET /nacos/console-fe/public/icons/icon-font.woff HTTP/1.1" 200 5504 12 Mozilla/5.0 (Windows NT 6.1; Win64; x64) AppleWebKit/537.36 (KHTML, like Gecko) Chrome/80.0.3987.163 Safari/537.36
0:0:0:0:0:0:0:1 - - [31/Jul/2020:09:24:48 +0800] "GET /nacos/console-fe/public/js/vs/editor/editor.main.css HTTP/1.1" 200 172199 13 Mozilla/5.0 (Windows NT 6.1; Win64; x64) AppleWebKit/537.36 (KHTML, like Gecko) Chrome/80.0.3987.163 Safari/537.36
0:0:0:0:0:0:0:1 - - [31/Jul/2020:09:24:48 +0800] "GET /nacos/console-fe/public/js/vs/editor/editor.main.nls.zh-cn.js HTTP/1.1" 200 22864 11 Mozilla/5.0 (Windows NT 6.1; Win64; x64) AppleWebKit/537.36 (KHTML, like Gecko) Chrome/80.0.3987.163 Safari/537.36
0:0:0:0:0:0:0:1 - - [31/Jul/2020:09:24:49 +0800] "GET /nacos/console-fe/public/img/favicon.ico HTTP/1.1" 200 4286 14 Mozilla/5.0 (Windows NT 6.1; Win64; x64) AppleWebKit/537.36 (KHTML, like Gecko) Chrome/80.0.3987.163 Safari/537.36
0:0:0:0:0:0:0:1 - - [31/Jul/2020:09:24:52 +0800] "POST /nacos/v1/auth/users/login HTTP/1.1" 200 173 312 Mozilla/5.0 (Windows NT 6.1; Win64; x64) AppleWebKit/537.36 (KHTML, like Gecko) Chrome/80.0.3987.163 Safari/537.36
0:0:0:0:0:0:0:1 - - [31/Jul/2020:09:24:52 +0800] "GET /nacos/v1/console/server/state?accessToken=eyJhbGciOiJIUzI1NiJ9.eyJzdWIiOiJuYWNvcyIsImV4cCI6MTU5NjE3NjY5Mn0.FnazrZi4mBynMi89sVqlkq3X37tkZw7uXXKtH51dNvQ HTTP/1.1" 200 82 4 Mozilla/5.0 (Windows NT 6.1; Win64; x64) AppleWebKit/537.36 (KHTML, like Gecko) Chrome/80.0.3987.163 Safari/537.36
0:0:0:0:0:0:0:1 - - [31/Jul/2020:09:24:52 +0800] "GET /nacos/v1/console/namespaces?&accessToken=eyJhbGciOiJIUzI1NiJ9.eyJzdWIiOiJuYWNvcyIsImV4cCI6MTU5NjE3NjY5Mn0.FnazrZi4mBynMi89sVqlkq3X37tkZw7uXXKtH51dNvQ&namespaceId= HTTP/1.1" 200 130 46 Mozilla/5.0 (Windows NT 6.1; Win64; x64) AppleWebKit/537.36 (KHTML, like Gecko) Chrome/80.0.3987.163 Safari/537.36
0:0:0:0:0:0:0:1 - - [31/Jul/2020:09:24:52 +0800] "GET /nacos/v1/cs/configs?dataId=&group=&appName=&config_tags=&pageNo=1&pageSize=10&tenant=&search=accurate&accessToken=eyJhbGciOiJIUzI1NiJ9.eyJzdWIiOiJuYWNvcyIsImV4cCI6MTU5NjE3NjY5Mn0.FnazrZi4mBynMi89sVqlkq3X37tkZw7uXXKtH51dNvQ HTTP/1.1" 200 76 46 Mozilla/5.0 (Windows NT 6.1; Win64; x64) AppleWebKit/537.36 (KHTML, like Gecko) Chrome/80.0.3987.163 Safari/537.36
0:0:0:0:0:0:0:1 - - [31/Jul/2020:09:24:59 +0800] "GET /nacos/v1/ns/catalog/services?hasIpCount=true&withInstances=false&pageNo=1&pageSize=10&serviceNameParam=&groupNameParam=&accessToken=eyJhbGciOiJIUzI1NiJ9.eyJzdWIiOiJuYWNvcyIsImV4cCI6MTU5NjE3NjY5Mn0.FnazrZi4mBynMi89sVqlkq3X37tkZw7uXXKtH51dNvQ&namespaceId= HTTP/1.1" 200 39 33 Mozilla/5.0 (Windows NT 6.1; Win64; x64) AppleWebKit/537.36 (KHTML, like Gecko) Chrome/80.0.3987.163 Safari/537.36
0:0:0:0:0:0:0:1 - - [31/Jul/2020:09:25:00 +0800] "GET /nacos/v1/auth/users?pageNo=1&pageSize=9&accessToken=eyJhbGciOiJIUzI1NiJ9.eyJzdWIiOiJuYWNvcyIsImV4cCI6MTU5NjE3NjY5Mn0.FnazrZi4mBynMi89sVqlkq3X37tkZw7uXXKtH51dNvQ HTTP/1.1" 200 170 11 Mozilla/5.0 (Windows NT 6.1; Win64; x64) AppleWebKit/537.36 (KHTML, like Gecko) Chrome/80.0.3987.163 Safari/537.36
0:0:0:0:0:0:0:1 - - [31/Jul/2020:09:25:00 +0800] "GET /nacos/v1/auth/roles?pageNo=1&pageSize=9&accessToken=eyJhbGciOiJIUzI1NiJ9.eyJzdWIiOiJuYWNvcyIsImV4cCI6MTU5NjE3NjY5Mn0.FnazrZi4mBynMi89sVqlkq3X37tkZw7uXXKtH51dNvQ HTTP/1.1" 200 116 14 Mozilla/5.0 (Windows NT 6.1; Win64; x64) AppleWebKit/537.36 (KHTML, like Gecko) Chrome/80.0.3987.163 Safari/537.36
0:0:0:0:0:0:0:1 - - [31/Jul/2020:09:25:01 +0800] "GET /nacos/v1/console/namespaces?accessToken=eyJhbGciOiJIUzI1NiJ9.eyJzdWIiOiJuYWNvcyIsImV4cCI6MTU5NjE3NjY5Mn0.FnazrZi4mBynMi89sVqlkq3X37tkZw7uXXKtH51dNvQ HTTP/1.1" 200 130 12 Mozilla/5.0 (Windows NT 6.1; Win64; x64) AppleWebKit/537.36 (KHTML, like Gecko) Chrome/80.0.3987.163 Safari/537.36
0:0:0:0:0:0:0:1 - - [31/Jul/2020:09:25:01 +0800] "GET /nacos/v1/console/namespaces?accessToken=eyJhbGciOiJIUzI1NiJ9.eyJzdWIiOiJuYWNvcyIsImV4cCI6MTU5NjE3NjY5Mn0.FnazrZi4mBynMi89sVqlkq3X37tkZw7uXXKtH51dNvQ HTTP/1.1" 200 130 4 Mozilla/5.0 (Windows NT 6.1; Win64; x64) AppleWebKit/537.36 (KHTML, like Gecko) Chrome/80.0.3987.163 Safari/537.36
0:0:0:0:0:0:0:1 - - [31/Jul/2020:09:25:01 +0800] "GET /nacos/v1/auth/permissions?pageNo=1&pageSize=9&accessToken=eyJhbGciOiJIUzI1NiJ9.eyJzdWIiOiJuYWNvcyIsImV4cCI6MTU5NjE3NjY5Mn0.FnazrZi4mBynMi89sVqlkq3X37tkZw7uXXKtH51dNvQ HTTP/1.1" 200 76 17 Mozilla/5.0 (Windows NT 6.1; Win64; x64) AppleWebKit/537.36 (KHTML, like Gecko) Chrome/80.0.3987.163 Safari/537.36
0:0:0:0:0:0:0:1 - - [31/Jul/2020:09:25:02 +0800] "GET /nacos/v1/console/namespaces?&accessToken=eyJhbGciOiJIUzI1NiJ9.eyJzdWIiOiJuYWNvcyIsImV4cCI6MTU5NjE3NjY5Mn0.FnazrZi4mBynMi89sVqlkq3X37tkZw7uXXKtH51dNvQ&namespaceId= HTTP/1.1" 200 130 5 Mozilla/5.0 (Windows NT 6.1; Win64; x64) AppleWebKit/537.36 (KHTML, like Gecko) Chrome/80.0.3987.163 Safari/537.36
0:0:0:0:0:0:0:1 - - [31/Jul/2020:09:25:03 +0800] "GET /nacos/v1/core/cluster/nodes?withInstances=false&pageNo=1&pageSize=10&keyword=&accessToken=eyJhbGciOiJIUzI1NiJ9.eyJzdWIiOiJuYWNvcyIsImV4cCI6MTU5NjE3NjY5Mn0.FnazrZi4mBynMi89sVqlkq3X37tkZw7uXXKtH51dNvQ&namespaceId= HTTP/1.1" 200 219 11 Mozilla/5.0 (Windows NT 6.1; Win64; x64) AppleWebKit/537.36 (KHTML, like Gecko) Chrome/80.0.3987.163 Safari/537.36
0:0:0:0:0:0:0:1 - - [31/Jul/2020:09:31:43 +0800] "GET /nacos/ HTTP/1.1" 304 - 168 Mozilla/5.0 (Windows NT 6.1; Win64; x64) AppleWebKit/537.36 (KHTML, like Gecko) Chrome/80.0.3987.163 Safari/537.36
0:0:0:0:0:0:0:1 - - [31/Jul/2020:09:31:43 +0800] "GET /nacos/v1/console/namespaces?&accessToken=eyJhbGciOiJIUzI1NiJ9.eyJzdWIiOiJuYWNvcyIsImV4cCI6MTU5NjE3NjY5Mn0.FnazrZi4mBynMi89sVqlkq3X37tkZw7uXXKtH51dNvQ&namespaceId= HTTP/1.1" 200 130 108 Mozilla/5.0 (Windows NT 6.1; Win64; x64) AppleWebKit/537.36 (KHTML, like Gecko) Chrome/80.0.3987.163 Safari/537.36
0:0:0:0:0:0:0:1 - - [31/Jul/2020:09:31:43 +0800] "GET /nacos/v1/console/server/state?accessToken=eyJhbGciOiJIUzI1NiJ9.eyJzdWIiOiJuYWNvcyIsImV4cCI6MTU5NjE3NjY5Mn0.FnazrZi4mBynMi89sVqlkq3X37tkZw7uXXKtH51dNvQ HTTP/1.1" 200 82 37 Mozilla/5.0 (Windows NT 6.1; Win64; x64) AppleWebKit/537.36 (KHTML, like Gecko) Chrome/80.0.3987.163 Safari/537.36
0:0:0:0:0:0:0:1 - - [31/Jul/2020:09:31:43 +0800] "GET /nacos/console-fe/public/icons/icon-font.woff2 HTTP/1.1" 404 177 67 Mozilla/5.0 (Windows NT 6.1; Win64; x64) AppleWebKit/537.36 (KHTML, like Gecko) Chrome/80.0.3987.163 Safari/537.36
0:0:0:0:0:0:0:1 - - [31/Jul/2020:09:31:43 +0800] "GET /nacos/v1/core/cluster/nodes?withInstances=false&pageNo=1&pageSize=10&keyword=&accessToken=eyJhbGciOiJIUzI1NiJ9.eyJzdWIiOiJuYWNvcyIsImV4cCI6MTU5NjE3NjY5Mn0.FnazrZi4mBynMi89sVqlkq3X37tkZw7uXXKtH51dNvQ&namespaceId= HTTP/1.1" 200 219 23 Mozilla/5.0 (Windows NT 6.1; Win64; x64) AppleWebKit/537.36 (KHTML, like Gecko) Chrome/80.0.3987.163 Safari/537.36
0:0:0:0:0:0:0:1 - - [31/Jul/2020:09:31:43 +0800] "GET /nacos/console-fe/public/img/favicon.ico HTTP/1.1" 200 4286 15 Mozilla/5.0 (Windows NT 6.1; Win64; x64) AppleWebKit/537.36 (KHTML, like Gecko) Chrome/80.0.3987.163 Safari/537.36
0:0:0:0:0:0:0:1 - - [31/Jul/2020:09:31:51 +0800] "GET /nacos/v1/console/server/state?accessToken=eyJhbGciOiJIUzI1NiJ9.eyJzdWIiOiJuYWNvcyIsImV4cCI6MTU5NjE3NjY5Mn0.FnazrZi4mBynMi89sVqlkq3X37tkZw7uXXKtH51dNvQ HTTP/1.1" 200 82 7 Mozilla/5.0 (Windows NT 6.1; Win64; x64) AppleWebKit/537.36 (KHTML, like Gecko) Chrome/80.0.3987.163 Safari/537.36
0:0:0:0:0:0:0:1 - - [31/Jul/2020:09:31:51 +0800] "GET /nacos/console-fe/public/icons/icon-font.woff2 HTTP/1.1" 404 177 19 Mozilla/5.0 (Windows NT 6.1; Win64; x64) AppleWebKit/537.36 (KHTML, like Gecko) Chrome/80.0.3987.163 Safari/537.36
0:0:0:0:0:0:0:1 - - [31/Jul/2020:09:31:51 +0800] "GET /nacos/v1/console/namespaces?&accessToken=eyJhbGciOiJIUzI1NiJ9.eyJzdWIiOiJuYWNvcyIsImV4cCI6MTU5NjE3NjY5Mn0.FnazrZi4mBynMi89sVqlkq3X37tkZw7uXXKtH51dNvQ&namespaceId= HTTP/1.1" 200 130 5 Mozilla/5.0 (Windows NT 6.1; Win64; x64) AppleWebKit/537.36 (KHTML, like Gecko) Chrome/80.0.3987.163 Safari/537.36
0:0:0:0:0:0:0:1 - - [31/Jul/2020:09:31:51 +0800] "GET /nacos/v1/cs/configs?dataId=&group=&appName=&config_tags=&pageNo=1&pageSize=10&tenant=&search=accurate&accessToken=eyJhbGciOiJIUzI1NiJ9.eyJzdWIiOiJuYWNvcyIsImV4cCI6MTU5NjE3NjY5Mn0.FnazrZi4mBynMi89sVqlkq3X37tkZw7uXXKtH51dNvQ HTTP/1.1" 200 76 38 Mozilla/5.0 (Windows NT 6.1; Win64; x64) AppleWebKit/537.36 (KHTML, like Gecko) Chrome/80.0.3987.163 Safari/537.36
0:0:0:0:0:0:0:1 - - [31/Jul/2020:09:31:57 +0800] "GET /nacos/console-fe/public/js/vs/base/worker/workerMain.js HTTP/1.1" 200 151535 55 Mozilla/5.0 (Windows NT 6.1; Win64; x64) AppleWebKit/537.36 (KHTML, like Gecko) Chrome/80.0.3987.163 Safari/537.36
0:0:0:0:0:0:0:1 - - [31/Jul/2020:09:32:05 +0800] "GET /nacos/v1/cs/configs?&accessToken=eyJhbGciOiJIUzI1NiJ9.eyJzdWIiOiJuYWNvcyIsImV4cCI6MTU5NjE3NjY5Mn0.FnazrZi4mBynMi89sVqlkq3X37tkZw7uXXKtH51dNvQ&show=all&dataId=ABC&group=DEFAULT_GROUP&tenant=&namespaceId= HTTP/1.1" 200 - 21 Mozilla/5.0 (Windows NT 6.1; Win64; x64) AppleWebKit/537.36 (KHTML, like Gecko) Chrome/80.0.3987.163 Safari/537.36
0:0:0:0:0:0:0:1 - - [31/Jul/2020:09:32:06 +0800] "POST /nacos/v1/cs/configs?&accessToken=eyJhbGciOiJIUzI1NiJ9.eyJzdWIiOiJuYWNvcyIsImV4cCI6MTU5NjE3NjY5Mn0.FnazrZi4mBynMi89sVqlkq3X37tkZw7uXXKtH51dNvQ HTTP/1.1" 200 14 89 Mozilla/5.0 (Windows NT 6.1; Win64; x64) AppleWebKit/537.36 (KHTML, like Gecko) Chrome/80.0.3987.163 Safari/537.36
192.168.52.1 - - [31/Jul/2020:09:32:06 +0800] "GET /nacos/v1/cs/communication/dataChange?dataId=ABC&group=DEFAULT_GROUP HTTP/1.1" 200 14 7 Apache-HttpAsyncClient/4.1.3 (Java/1.8.0_191)
0:0:0:0:0:0:0:1 - - [31/Jul/2020:09:32:10 +0800] "GET /nacos HTTP/1.1" 302 - 0 Mozilla/5.0 (Windows NT 6.1; Win64; x64) AppleWebKit/537.36 (KHTML, like Gecko) Chrome/80.0.3987.163 Safari/537.36
0:0:0:0:0:0:0:1 - - [31/Jul/2020:09:32:10 +0800] "GET /nacos/v1/console/server/state?accessToken=eyJhbGciOiJIUzI1NiJ9.eyJzdWIiOiJuYWNvcyIsImV4cCI6MTU5NjE3NjY5Mn0.FnazrZi4mBynMi89sVqlkq3X37tkZw7uXXKtH51dNvQ HTTP/1.1" 200 82 6 Mozilla/5.0 (Windows NT 6.1; Win64; x64) AppleWebKit/537.36 (KHTML, like Gecko) Chrome/80.0.3987.163 Safari/537.36
0:0:0:0:0:0:0:1 - - [31/Jul/2020:09:32:10 +0800] "GET /nacos/console-fe/public/icons/icon-font.woff2 HTTP/1.1" 404 177 12 Mozilla/5.0 (Windows NT 6.1; Win64; x64) AppleWebKit/537.36 (KHTML, like Gecko) Chrome/80.0.3987.163 Safari/537.36
0:0:0:0:0:0:0:1 - - [31/Jul/2020:09:32:10 +0800] "GET /nacos/v1/console/namespaces?&accessToken=eyJhbGciOiJIUzI1NiJ9.eyJzdWIiOiJuYWNvcyIsImV4cCI6MTU5NjE3NjY5Mn0.FnazrZi4mBynMi89sVqlkq3X37tkZw7uXXKtH51dNvQ&namespaceId= HTTP/1.1" 200 130 5 Mozilla/5.0 (Windows NT 6.1; Win64; x64) AppleWebKit/537.36 (KHTML, like Gecko) Chrome/80.0.3987.163 Safari/537.36
0:0:0:0:0:0:0:1 - - [31/Jul/2020:09:32:11 +0800] "GET /nacos/v1/cs/configs?dataId=&group=&appName=&config_tags=&pageNo=1&pageSize=10&tenant=&search=accurate&accessToken=eyJhbGciOiJIUzI1NiJ9.eyJzdWIiOiJuYWNvcyIsImV4cCI6MTU5NjE3NjY5Mn0.FnazrZi4mBynMi89sVqlkq3X37tkZw7uXXKtH51dNvQ HTTP/1.1" 200 208 100 Mozilla/5.0 (Windows NT 6.1; Win64; x64) AppleWebKit/537.36 (KHTML, like Gecko) Chrome/80.0.3987.163 Safari/537.36
0:0:0:0:0:0:0:1 - - [31/Jul/2020:09:32:59 +0800] "POST /nacos/v1/auth/users/login HTTP/1.1" 200 173 302 Mozilla/5.0 (Windows NT 6.1; Win64; x64) AppleWebKit/537.36 (KHTML, like Gecko) Chrome/80.0.3987.163 Safari/537.36
0:0:0:0:0:0:0:1 - - [31/Jul/2020:09:32:59 +0800] "GET /nacos/v1/console/server/state?accessToken=eyJhbGciOiJIUzI1NiJ9.eyJzdWIiOiJuYWNvcyIsImV4cCI6MTU5NjE3NzE3OX0.KRqTEksPpmEQtiipaflTzI9DyEsjx7hNB3WyuSwNjDc HTTP/1.1" 200 82 6 Mozilla/5.0 (Windows NT 6.1; Win64; x64) AppleWebKit/537.36 (KHTML, like Gecko) Chrome/80.0.3987.163 Safari/537.36
0:0:0:0:0:0:0:1 - - [31/Jul/2020:09:32:59 +0800] "GET /nacos/v1/cs/configs?dataId=&group=&appName=&config_tags=&pageNo=1&pageSize=10&tenant=&search=accurate&accessToken=eyJhbGciOiJIUzI1NiJ9.eyJzdWIiOiJuYWNvcyIsImV4cCI6MTU5NjE3NzE3OX0.KRqTEksPpmEQtiipaflTzI9DyEsjx7hNB3WyuSwNjDc HTTP/1.1" 200 208 9 Mozilla/5.0 (Windows NT 6.1; Win64; x64) AppleWebKit/537.36 (KHTML, like Gecko) Chrome/80.0.3987.163 Safari/537.36
0:0:0:0:0:0:0:1 - - [31/Jul/2020:09:34:20 +0800] "GET /nacos HTTP/1.1" 302 - 0 Mozilla/5.0 (Windows NT 6.1; Win64; x64) AppleWebKit/537.36 (KHTML, like Gecko) Chrome/80.0.3987.163 Safari/537.36
0:0:0:0:0:0:0:1 - - [31/Jul/2020:09:34:20 +0800] "GET /nacos/v1/console/server/state?accessToken=eyJhbGciOiJIUzI1NiJ9.eyJzdWIiOiJuYWNvcyIsImV4cCI6MTU5NjE3NzE3OX0.KRqTEksPpmEQtiipaflTzI9DyEsjx7hNB3WyuSwNjDc HTTP/1.1" 200 82 197 Mozilla/5.0 (Windows NT 6.1; Win64; x64) AppleWebKit/537.36 (KHTML, like Gecko) Chrome/80.0.3987.163 Safari/537.36
0:0:0:0:0:0:0:1 - - [31/Jul/2020:09:34:20 +0800] "GET /nacos/console-fe/public/icons/icon-font.woff2 HTTP/1.1" 404 177 186 Mozilla/5.0 (Windows NT 6.1; Win64; x64) AppleWebKit/537.36 (KHTML, like Gecko) Chrome/80.0.3987.163 Safari/537.36
0:0:0:0:0:0:0:1 - - [31/Jul/2020:09:34:20 +0800] "GET /nacos/v1/console/namespaces?&accessToken=eyJhbGciOiJIUzI1NiJ9.eyJzdWIiOiJuYWNvcyIsImV4cCI6MTU5NjE3NzE3OX0.KRqTEksPpmEQtiipaflTzI9DyEsjx7hNB3WyuSwNjDc&namespaceId= HTTP/1.1" 200 130 196 Mozilla/5.0 (Windows NT 6.1; Win64; x64) AppleWebKit/537.36 (KHTML, like Gecko) Chrome/80.0.3987.163 Safari/537.36
0:0:0:0:0:0:0:1 - - [31/Jul/2020:09:34:20 +0800] "GET /nacos/v1/cs/configs?dataId=&group=&appName=&config_tags=&pageNo=1&pageSize=10&tenant=&search=accurate&accessToken=eyJhbGciOiJIUzI1NiJ9.eyJzdWIiOiJuYWNvcyIsImV4cCI6MTU5NjE3NzE3OX0.KRqTEksPpmEQtiipaflTzI9DyEsjx7hNB3WyuSwNjDc HTTP/1.1" 200 76 74 Mozilla/5.0 (Windows NT 6.1; Win64; x64) AppleWebKit/537.36 (KHTML, like Gecko) Chrome/80.0.3987.163 Safari/537.36
0:0:0:0:0:0:0:1 - - [31/Jul/2020:09:34:29 +0800] "GET /nacos/v1/cs/configs?&accessToken=eyJhbGciOiJIUzI1NiJ9.eyJzdWIiOiJuYWNvcyIsImV4cCI6MTU5NjE3NzE3OX0.KRqTEksPpmEQtiipaflTzI9DyEsjx7hNB3WyuSwNjDc&show=all&dataId=AAA&group=DEFAULT_GROUP&tenant=&namespaceId= HTTP/1.1" 200 - 152 Mozilla/5.0 (Windows NT 6.1; Win64; x64) AppleWebKit/537.36 (KHTML, like Gecko) Chrome/80.0.3987.163 Safari/537.36
0:0:0:0:0:0:0:1 - - [31/Jul/2020:09:34:29 +0800] "POST /nacos/v1/cs/configs?&accessToken=eyJhbGciOiJIUzI1NiJ9.eyJzdWIiOiJuYWNvcyIsImV4cCI6MTU5NjE3NzE3OX0.KRqTEksPpmEQtiipaflTzI9DyEsjx7hNB3WyuSwNjDc HTTP/1.1" 200 14 307 Mozilla/5.0 (Windows NT 6.1; Win64; x64) AppleWebKit/537.36 (KHTML, like Gecko) Chrome/80.0.3987.163 Safari/537.36
192.168.52.1 - - [31/Jul/2020:09:34:29 +0800] "GET /nacos/v1/cs/communication/dataChange?dataId=AAA&group=DEFAULT_GROUP HTTP/1.1" 200 14 9 Apache-HttpAsyncClient/4.1.3 (Java/1.8.0_191)
0:0:0:0:0:0:0:1 - - [31/Jul/2020:09:34:32 +0800] "GET /nacos/v1/cs/configs?dataId=&group=&appName=&config_tags=&pageNo=1&pageSize=10&tenant=&search=accurate&accessToken=eyJhbGciOiJIUzI1NiJ9.eyJzdWIiOiJuYWNvcyIsImV4cCI6MTU5NjE3NzE3OX0.KRqTEksPpmEQtiipaflTzI9DyEsjx7hNB3WyuSwNjDc HTTP/1.1" 200 191 197 Mozilla/5.0 (Windows NT 6.1; Win64; x64) AppleWebKit/537.36 (KHTML, like Gecko) Chrome/80.0.3987.163 Safari/537.36
0:0:0:0:0:0:0:1 - - [31/Jul/2020:11:27:46 +0800] "GET /nacos HTTP/1.1" 302 - 0 Mozilla/5.0 (Windows NT 6.1; Win64; x64) AppleWebKit/537.36 (KHTML, like Gecko) Chrome/80.0.3987.163 Safari/537.36
0:0:0:0:0:0:0:1 - - [31/Jul/2020:14:16:08 +0800] "GET /nacos HTTP/1.1" 302 - 0 Mozilla/5.0 (Windows NT 6.1; Win64; x64) AppleWebKit/537.36 (KHTML, like Gecko) Chrome/80.0.3987.163 Safari/537.36
