2020-07-31 09:23:42,264 INFO notifyConnectTimeout:200

2020-07-31 09:23:42,268 INFO notifySocketTimeout:8000

2020-07-31 09:23:42,268 INFO isHealthCheck:true

2020-07-31 09:23:42,268 INFO maxHealthCheckFailCount:12

2020-07-31 09:23:42,268 INFO maxContent:10485760

2020-07-31 09:23:52,526 INFO use local db service for init

2020-07-31 09:23:54,664 WARN Lexical error at line 4, column 66.  Encountered: <EOF> after : "".

2020-07-31 09:23:54,738 WARN Syntax error: Encountered "*" at line 1, column 1.

2020-07-31 09:23:55,114 INFO use StandaloneDatabaseOperateImpl

2020-07-31 09:23:57,156 WARN DumpService start

2020-07-31 09:23:57,158 INFO start clear all config-info.

2020-07-31 09:23:57,167 WARN clear all config-info failed.

2020-07-31 09:23:57,167 WARN clear all config-info-tenant failed.

2020-07-31 09:23:57,246 INFO start clear all config-info-beta.

2020-07-31 09:23:57,247 WARN clear all config-info-beta failed.

2020-07-31 09:23:57,247 WARN clear all config-info-beta-tenant failed.

2020-07-31 09:23:57,498 INFO start clear all config-info-tag.

2020-07-31 09:23:57,498 WARN clear all config-info-tag failed.

2020-07-31 09:23:57,499 WARN clear all config-info-tag-tenant failed.

2020-07-31 09:30:53,398 INFO notifyConnectTimeout:200

2020-07-31 09:30:53,401 INFO notifySocketTimeout:8000

2020-07-31 09:30:53,401 INFO isHealthCheck:true

2020-07-31 09:30:53,401 INFO maxHealthCheckFailCount:12

2020-07-31 09:30:53,401 INFO maxContent:10485760

2020-07-31 09:31:03,499 INFO use local db service for init

2020-07-31 09:31:05,369 WARN Lexical error at line 4, column 66.  Encountered: <EOF> after : "".

2020-07-31 09:31:05,432 WARN Syntax error: Encountered "*" at line 1, column 1.

2020-07-31 09:31:05,496 WARN Table/View 'CONFIG_INFO' already exists in Schema 'NACOS'.

2020-07-31 09:31:05,604 WARN Table/View 'HIS_CONFIG_INFO' already exists in Schema 'NACOS'.

2020-07-31 09:31:05,628 WARN Table/View 'CONFIG_INFO_BETA' already exists in Schema 'NACOS'.

2020-07-31 09:31:05,641 WARN Table/View 'CONFIG_INFO_TAG' already exists in Schema 'NACOS'.

2020-07-31 09:31:05,652 WARN Table/View 'CONFIG_INFO_AGGR' already exists in Schema 'NACOS'.

2020-07-31 09:31:05,663 WARN Table/View 'APP_LIST' already exists in Schema 'NACOS'.

2020-07-31 09:31:05,672 WARN Table/View 'APP_CONFIGDATA_RELATION_SUBS' already exists in Schema 'NACOS'.

2020-07-31 09:31:05,681 WARN Table/View 'APP_CONFIGDATA_RELATION_PUBS' already exists in Schema 'NACOS'.

2020-07-31 09:31:05,689 WARN Table/View 'CONFIG_TAGS_RELATION' already exists in Schema 'NACOS'.

2020-07-31 09:31:05,701 WARN Table/View 'GROUP_CAPACITY' already exists in Schema 'NACOS'.

2020-07-31 09:31:05,709 WARN Table/View 'TENANT_CAPACITY' already exists in Schema 'NACOS'.

2020-07-31 09:31:05,716 WARN Table/View 'TENANT_INFO' already exists in Schema 'NACOS'.

2020-07-31 09:31:05,727 WARN Table/View 'USERS' already exists in Schema 'NACOS'.

2020-07-31 09:31:05,735 WARN Table/View 'ROLES' already exists in Schema 'NACOS'.

2020-07-31 09:31:05,742 WARN Table/View 'PERMISSIONS' already exists in Schema 'NACOS'.

2020-07-31 09:31:05,874 WARN The statement was aborted because it would have caused a duplicate key value in a unique or primary key constraint or unique index identified by 'SQL200731092355010' defined on 'USERS'.

2020-07-31 09:31:05,882 WARN The statement was aborted because it would have caused a duplicate key value in a unique or primary key constraint or unique index identified by 'UK_USERNAME_ROLE' defined on 'ROLES'.

2020-07-31 09:31:05,882 INFO use StandaloneDatabaseOperateImpl

2020-07-31 09:31:07,917 WARN DumpService start

2020-07-31 09:31:07,919 INFO start clear all config-info.

2020-07-31 09:31:07,928 WARN clear all config-info failed.

2020-07-31 09:31:07,928 WARN clear all config-info-tenant failed.

2020-07-31 09:31:07,995 INFO start clear all config-info-beta.

2020-07-31 09:31:07,995 WARN clear all config-info-beta failed.

2020-07-31 09:31:07,995 WARN clear all config-info-beta-tenant failed.

2020-07-31 09:31:08,081 INFO start clear all config-info-tag.

2020-07-31 09:31:08,081 WARN clear all config-info-tag failed.

2020-07-31 09:31:08,081 WARN clear all config-info-tag-tenant failed.

2020-07-31 09:33:53,382 INFO notifyConnectTimeout:200

2020-07-31 09:33:53,386 INFO notifySocketTimeout:8000

2020-07-31 09:33:53,386 INFO isHealthCheck:true

2020-07-31 09:33:53,386 INFO maxHealthCheckFailCount:12

2020-07-31 09:33:53,386 INFO maxContent:10485760

2020-07-31 09:33:53,387 INFO spring.datasource.platform:mysql

2020-07-31 09:34:06,238 WARN DumpService start

2020-07-31 09:34:06,239 INFO start clear all config-info.

2020-07-31 09:34:06,247 WARN clear all config-info failed.

2020-07-31 09:34:06,248 WARN clear all config-info-tenant failed.

2020-07-31 09:34:06,359 INFO start clear all config-info-beta.

2020-07-31 09:34:06,360 WARN clear all config-info-beta failed.

2020-07-31 09:34:06,360 WARN clear all config-info-beta-tenant failed.

2020-07-31 09:34:06,396 INFO start clear all config-info-tag.

2020-07-31 09:34:06,396 WARN clear all config-info-tag failed.

2020-07-31 09:34:06,397 WARN clear all config-info-tag-tenant failed.

