2020-07-31 09:23:42,276 INFO Starting Nacos v1.3.1 on Tao-PC with PID 76836 (D:\nacos\target\nacos-server.jar started by Tao in D:\nacos\bin)

2020-07-31 09:23:42,277 INFO The following profiles are active: standalone

2020-07-31 09:23:50,770 INFO Bean 'org.springframework.security.config.annotation.configuration.ObjectPostProcessorConfiguration' of type [org.springframework.security.config.annotation.configuration.ObjectPostProcessorConfiguration$$EnhancerBySpringCGLIB$$698ec48c] is not eligible for getting processed by all BeanPostProcessors (for example: not eligible for auto-proxying)

2020-07-31 09:23:50,895 INFO Bean 'objectPostProcessor' of type [org.springframework.security.config.annotation.configuration.AutowireBeanFactoryObjectPostProcessor] is not eligible for getting processed by all BeanPostProcessors (for example: not eligible for auto-proxying)

2020-07-31 09:23:50,909 INFO Bean 'org.springframework.security.access.expression.method.DefaultMethodSecurityExpressionHandler@1bae316d' of type [org.springframework.security.access.expression.method.DefaultMethodSecurityExpressionHandler] is not eligible for getting processed by all BeanPostProcessors (for example: not eligible for auto-proxying)

2020-07-31 09:23:50,915 INFO Bean 'org.springframework.security.config.annotation.method.configuration.GlobalMethodSecurityConfiguration' of type [org.springframework.security.config.annotation.method.configuration.GlobalMethodSecurityConfiguration$$EnhancerBySpringCGLIB$$8e63673e] is not eligible for getting processed by all BeanPostProcessors (for example: not eligible for auto-proxying)

2020-07-31 09:23:50,923 INFO Bean 'methodSecurityMetadataSource' of type [org.springframework.security.access.method.DelegatingMethodSecurityMetadataSource] is not eligible for getting processed by all BeanPostProcessors (for example: not eligible for auto-proxying)

2020-07-31 09:23:51,831 INFO Tomcat initialized with port(s): 8848 (http)

2020-07-31 09:23:51,868 INFO Starting service [Tomcat]

2020-07-31 09:23:51,868 INFO Starting Servlet Engine: Apache Tomcat/9.0.13

2020-07-31 09:23:51,889 INFO The APR based Apache Tomcat Native library which allows optimal performance in production environments was not found on the java.library.path: [D:\Java\JDK\bin;C:\Windows\Sun\Java\bin;C:\Windows\system32;C:\Windows;C:\oraclexe\app\oracle\product\10.2.0\server\bin;D:\Xftp\;D:\Xshell\;C:\Program Files (x86)\Common Files\Oracle\Java\javapath;C:\Windows\system32;C:\Windows;C:\Windows\System32\Wbem;C:\Windows\System32\WindowsPowerShell\v1.0\;D:\Java\JDK\bin;D:\Java\JDK\jre\bin;C:\Program Files (x86)\Microsoft SQL Server\100\Tools\Binn\;C:\Program Files\Microsoft SQL Server\100\Tools\Binn\;C:\Program Files\Microsoft SQL Server\100\DTS\Binn\;C:\Program Files (x86)\Microsoft SQL Server\100\Tools\Binn\VSShell\Common7\IDE\;C:\Program Files (x86)\Microsoft Visual Studio 9.0\Common7\IDE\PrivateAssemblies\;C:\Program Files (x86)\Microsoft SQL Server\100\DTS\Binn\;C:\Program Files (x86)\Microsoft SQL Server\150\DTS\Binn\;D:\Git\cmd;C:\Users\Tao\AppData\Local\Programs\Python\Python37\Scripts\;C:\Users\Tao\AppData\Local\Programs\Python\Python37\;D:\VSCode\bin;.]

2020-07-31 09:23:52,104 INFO Initializing Spring embedded WebApplicationContext

2020-07-31 09:23:52,104 INFO Root WebApplicationContext: initialization completed in 9687 ms

2020-07-31 09:23:53,377 WARN HikariPool-1 - idleTimeout has been set but has no effect because the pool is operating as a fixed size pool.

2020-07-31 09:23:53,377 INFO HikariPool-1 - Starting...

2020-07-31 09:23:53,385 WARN Registered driver with driverClassName=org.apache.derby.jdbc.EmbeddedDriver was not found, trying direct instantiation.

2020-07-31 09:23:54,472 INFO HikariPool-1 - Driver does not support get/set network timeout for connections. (Feature not implemented: No details.)

2020-07-31 09:23:54,485 INFO HikariPool-1 - Start completed.

2020-07-31 09:23:55,972 INFO Nacos-related cluster resource initialization

2020-07-31 09:23:55,984 INFO The cluster resource is initialized

2020-07-31 09:23:56,565 INFO Reflections took 66 ms to scan 1 urls, producing 6 keys and 24 values 

2020-07-31 09:23:56,609 INFO Reflections took 6 ms to scan 1 urls, producing 2 keys and 12 values 

2020-07-31 09:23:56,621 INFO Reflections took 7 ms to scan 1 urls, producing 3 keys and 15 values 

2020-07-31 09:23:58,558 INFO Initializing ExecutorService 'applicationTaskExecutor'

2020-07-31 09:23:58,822 INFO Adding welcome page: class path resource [static/index.html]

2020-07-31 09:23:59,704 INFO Creating filter chain: Ant [pattern='/**'], []

2020-07-31 09:23:59,787 INFO Creating filter chain: any request, [org.springframework.security.web.context.request.async.WebAsyncManagerIntegrationFilter@740abb5, org.springframework.security.web.context.SecurityContextPersistenceFilter@9f46d94, org.springframework.security.web.header.HeaderWriterFilter@11389053, org.springframework.security.web.csrf.CsrfFilter@21d5c1a0, org.springframework.security.web.authentication.logout.LogoutFilter@2755d705, org.springframework.security.web.savedrequest.RequestCacheAwareFilter@2e77b8cf, org.springframework.security.web.servletapi.SecurityContextHolderAwareRequestFilter@7df587ef, org.springframework.security.web.authentication.AnonymousAuthenticationFilter@560cbf1a, org.springframework.security.web.session.SessionManagementFilter@3ec11999, org.springframework.security.web.access.ExceptionTranslationFilter@538613b3]

2020-07-31 09:24:00,049 INFO Exposing 2 endpoint(s) beneath base path '/actuator'

2020-07-31 09:24:00,092 INFO Initializing ExecutorService 'taskScheduler'

2020-07-31 09:24:00,298 INFO Tomcat started on port(s): 8848 (http) with context path '/nacos'

2020-07-31 09:24:00,308 INFO Started Nacos in 20.062 seconds (JVM running for 21.291)

2020-07-31 09:24:00,308 INFO Nacos Log files: D:\nacos\logs

2020-07-31 09:24:00,313 INFO Nacos Log files: D:\nacos\conf

2020-07-31 09:24:00,316 INFO Nacos Log files: D:\nacos\data

2020-07-31 09:24:00,319 INFO Nacos started successfully in stand alone mode. use embedded storage

2020-07-31 09:24:47,835 INFO Initializing Spring DispatcherServlet 'dispatcherServlet'

2020-07-31 09:24:47,835 INFO Initializing Servlet 'dispatcherServlet'

2020-07-31 09:24:47,849 INFO Completed initialization in 14 ms

2020-07-31 09:30:53,410 INFO Starting Nacos v1.3.1 on Tao-PC with PID 75976 (D:\nacos\target\nacos-server.jar started by Tao in D:\nacos\bin)

2020-07-31 09:30:53,411 INFO The following profiles are active: standalone

2020-07-31 09:31:01,699 INFO Bean 'org.springframework.security.config.annotation.configuration.ObjectPostProcessorConfiguration' of type [org.springframework.security.config.annotation.configuration.ObjectPostProcessorConfiguration$$EnhancerBySpringCGLIB$$628924ad] is not eligible for getting processed by all BeanPostProcessors (for example: not eligible for auto-proxying)

2020-07-31 09:31:01,826 INFO Bean 'objectPostProcessor' of type [org.springframework.security.config.annotation.configuration.AutowireBeanFactoryObjectPostProcessor] is not eligible for getting processed by all BeanPostProcessors (for example: not eligible for auto-proxying)

2020-07-31 09:31:01,839 INFO Bean 'org.springframework.security.access.expression.method.DefaultMethodSecurityExpressionHandler@3406472c' of type [org.springframework.security.access.expression.method.DefaultMethodSecurityExpressionHandler] is not eligible for getting processed by all BeanPostProcessors (for example: not eligible for auto-proxying)

2020-07-31 09:31:01,844 INFO Bean 'org.springframework.security.config.annotation.method.configuration.GlobalMethodSecurityConfiguration' of type [org.springframework.security.config.annotation.method.configuration.GlobalMethodSecurityConfiguration$$EnhancerBySpringCGLIB$$875dc75f] is not eligible for getting processed by all BeanPostProcessors (for example: not eligible for auto-proxying)

2020-07-31 09:31:01,855 INFO Bean 'methodSecurityMetadataSource' of type [org.springframework.security.access.method.DelegatingMethodSecurityMetadataSource] is not eligible for getting processed by all BeanPostProcessors (for example: not eligible for auto-proxying)

2020-07-31 09:31:02,790 INFO Tomcat initialized with port(s): 8848 (http)

2020-07-31 09:31:02,836 INFO Starting service [Tomcat]

2020-07-31 09:31:02,836 INFO Starting Servlet Engine: Apache Tomcat/9.0.13

2020-07-31 09:31:02,855 INFO The APR based Apache Tomcat Native library which allows optimal performance in production environments was not found on the java.library.path: [D:\Java\JDK\bin;C:\Windows\Sun\Java\bin;C:\Windows\system32;C:\Windows;C:\oraclexe\app\oracle\product\10.2.0\server\bin;D:\Xftp\;D:\Xshell\;C:\Program Files (x86)\Common Files\Oracle\Java\javapath;C:\Windows\system32;C:\Windows;C:\Windows\System32\Wbem;C:\Windows\System32\WindowsPowerShell\v1.0\;D:\Java\JDK\bin;D:\Java\JDK\jre\bin;C:\Program Files (x86)\Microsoft SQL Server\100\Tools\Binn\;C:\Program Files\Microsoft SQL Server\100\Tools\Binn\;C:\Program Files\Microsoft SQL Server\100\DTS\Binn\;C:\Program Files (x86)\Microsoft SQL Server\100\Tools\Binn\VSShell\Common7\IDE\;C:\Program Files (x86)\Microsoft Visual Studio 9.0\Common7\IDE\PrivateAssemblies\;C:\Program Files (x86)\Microsoft SQL Server\100\DTS\Binn\;C:\Program Files (x86)\Microsoft SQL Server\150\DTS\Binn\;D:\Git\cmd;C:\Users\Tao\AppData\Local\Programs\Python\Python37\Scripts\;C:\Users\Tao\AppData\Local\Programs\Python\Python37\;D:\VSCode\bin;.]

2020-07-31 09:31:03,058 INFO Initializing Spring embedded WebApplicationContext

2020-07-31 09:31:03,058 INFO Root WebApplicationContext: initialization completed in 9510 ms

2020-07-31 09:31:04,345 WARN HikariPool-1 - idleTimeout has been set but has no effect because the pool is operating as a fixed size pool.

2020-07-31 09:31:04,345 INFO HikariPool-1 - Starting...

2020-07-31 09:31:04,353 WARN Registered driver with driverClassName=org.apache.derby.jdbc.EmbeddedDriver was not found, trying direct instantiation.

2020-07-31 09:31:05,165 INFO HikariPool-1 - Driver does not support get/set network timeout for connections. (Feature not implemented: No details.)

2020-07-31 09:31:05,176 INFO HikariPool-1 - Start completed.

2020-07-31 09:31:06,731 INFO Nacos-related cluster resource initialization

2020-07-31 09:31:06,743 INFO The cluster resource is initialized

2020-07-31 09:31:07,399 INFO Reflections took 68 ms to scan 1 urls, producing 6 keys and 24 values 

2020-07-31 09:31:07,445 INFO Reflections took 9 ms to scan 1 urls, producing 2 keys and 12 values 

2020-07-31 09:31:07,465 INFO Reflections took 10 ms to scan 1 urls, producing 3 keys and 15 values 

2020-07-31 09:31:09,164 INFO Initializing ExecutorService 'applicationTaskExecutor'

2020-07-31 09:31:09,421 INFO Adding welcome page: class path resource [static/index.html]

2020-07-31 09:31:10,199 INFO Creating filter chain: Ant [pattern='/**'], []

2020-07-31 09:31:10,266 INFO Creating filter chain: any request, [org.springframework.security.web.context.request.async.WebAsyncManagerIntegrationFilter@56e07a08, org.springframework.security.web.context.SecurityContextPersistenceFilter@66ea1466, org.springframework.security.web.header.HeaderWriterFilter@21526f6c, org.springframework.security.web.csrf.CsrfFilter@cdc3aae, org.springframework.security.web.authentication.logout.LogoutFilter@4a9cc6cb, org.springframework.security.web.savedrequest.RequestCacheAwareFilter@3bffddff, org.springframework.security.web.servletapi.SecurityContextHolderAwareRequestFilter@517bd097, org.springframework.security.web.authentication.AnonymousAuthenticationFilter@35d6ca49, org.springframework.security.web.session.SessionManagementFilter@299266e2, org.springframework.security.web.access.ExceptionTranslationFilter@5dcbb60]

2020-07-31 09:31:10,524 INFO Exposing 2 endpoint(s) beneath base path '/actuator'

2020-07-31 09:31:10,563 INFO Initializing ExecutorService 'taskScheduler'

2020-07-31 09:31:10,772 INFO Tomcat started on port(s): 8848 (http) with context path '/nacos'

2020-07-31 09:31:10,780 INFO Started Nacos in 19.379 seconds (JVM running for 20.586)

2020-07-31 09:31:10,780 INFO Nacos Log files: D:\nacos\logs

2020-07-31 09:31:10,785 INFO Nacos Log files: D:\nacos\conf

2020-07-31 09:31:10,787 INFO Nacos Log files: D:\nacos\data

2020-07-31 09:31:10,789 INFO Nacos started successfully in stand alone mode. use embedded storage

2020-07-31 09:31:43,144 INFO Initializing Spring DispatcherServlet 'dispatcherServlet'

2020-07-31 09:31:43,145 INFO Initializing Servlet 'dispatcherServlet'

2020-07-31 09:31:43,160 INFO Completed initialization in 14 ms

2020-07-31 09:33:45,765 WARN [HttpClientManager] Start destroying HttpClient

2020-07-31 09:33:45,765 WARN [ThreadPoolManager] Start destroying ThreadPool

2020-07-31 09:33:45,769 WARN [HttpClientManager] Destruction of the end

2020-07-31 09:33:45,769 WARN [NotifyCenter] Start destroying Publisher

2020-07-31 09:33:45,769 INFO Shutting down ExecutorService 'taskScheduler'

2020-07-31 09:33:45,771 WARN [NotifyCenter] Destruction of the end

2020-07-31 09:33:45,774 INFO Shutting down ExecutorService 'applicationTaskExecutor'

2020-07-31 09:33:53,402 INFO Starting Nacos v1.3.1 on Tao-PC with PID 77664 (D:\nacos\target\nacos-server.jar started by Tao in D:\nacos\bin)

2020-07-31 09:33:53,403 INFO The following profiles are active: standalone

2020-07-31 09:34:01,739 INFO Bean 'org.springframework.security.config.annotation.configuration.ObjectPostProcessorConfiguration' of type [org.springframework.security.config.annotation.configuration.ObjectPostProcessorConfiguration$$EnhancerBySpringCGLIB$$45040c29] is not eligible for getting processed by all BeanPostProcessors (for example: not eligible for auto-proxying)

2020-07-31 09:34:01,866 INFO Bean 'objectPostProcessor' of type [org.springframework.security.config.annotation.configuration.AutowireBeanFactoryObjectPostProcessor] is not eligible for getting processed by all BeanPostProcessors (for example: not eligible for auto-proxying)

2020-07-31 09:34:01,881 INFO Bean 'org.springframework.security.access.expression.method.DefaultMethodSecurityExpressionHandler@68f4865' of type [org.springframework.security.access.expression.method.DefaultMethodSecurityExpressionHandler] is not eligible for getting processed by all BeanPostProcessors (for example: not eligible for auto-proxying)

2020-07-31 09:34:01,887 INFO Bean 'org.springframework.security.config.annotation.method.configuration.GlobalMethodSecurityConfiguration' of type [org.springframework.security.config.annotation.method.configuration.GlobalMethodSecurityConfiguration$$EnhancerBySpringCGLIB$$69d8aedb] is not eligible for getting processed by all BeanPostProcessors (for example: not eligible for auto-proxying)

2020-07-31 09:34:01,898 INFO Bean 'methodSecurityMetadataSource' of type [org.springframework.security.access.method.DelegatingMethodSecurityMetadataSource] is not eligible for getting processed by all BeanPostProcessors (for example: not eligible for auto-proxying)

2020-07-31 09:34:02,798 INFO Tomcat initialized with port(s): 8848 (http)

2020-07-31 09:34:02,835 INFO Starting service [Tomcat]

2020-07-31 09:34:02,835 INFO Starting Servlet Engine: Apache Tomcat/9.0.13

2020-07-31 09:34:02,856 INFO The APR based Apache Tomcat Native library which allows optimal performance in production environments was not found on the java.library.path: [D:\Java\JDK\bin;C:\Windows\Sun\Java\bin;C:\Windows\system32;C:\Windows;C:\oraclexe\app\oracle\product\10.2.0\server\bin;D:\Xftp\;D:\Xshell\;C:\Program Files (x86)\Common Files\Oracle\Java\javapath;C:\Windows\system32;C:\Windows;C:\Windows\System32\Wbem;C:\Windows\System32\WindowsPowerShell\v1.0\;D:\Java\JDK\bin;D:\Java\JDK\jre\bin;C:\Program Files (x86)\Microsoft SQL Server\100\Tools\Binn\;C:\Program Files\Microsoft SQL Server\100\Tools\Binn\;C:\Program Files\Microsoft SQL Server\100\DTS\Binn\;C:\Program Files (x86)\Microsoft SQL Server\100\Tools\Binn\VSShell\Common7\IDE\;C:\Program Files (x86)\Microsoft Visual Studio 9.0\Common7\IDE\PrivateAssemblies\;C:\Program Files (x86)\Microsoft SQL Server\100\DTS\Binn\;C:\Program Files (x86)\Microsoft SQL Server\150\DTS\Binn\;D:\Git\cmd;C:\Users\Tao\AppData\Local\Programs\Python\Python37\Scripts\;C:\Users\Tao\AppData\Local\Programs\Python\Python37\;D:\VSCode\bin;.]

2020-07-31 09:34:03,068 INFO Initializing Spring embedded WebApplicationContext

2020-07-31 09:34:03,068 INFO Root WebApplicationContext: initialization completed in 9520 ms

2020-07-31 09:34:03,574 INFO HikariPool-1 - Starting...

2020-07-31 09:34:04,241 INFO HikariPool-1 - Start completed.

2020-07-31 09:34:05,159 INFO Nacos-related cluster resource initialization

2020-07-31 09:34:05,171 INFO The cluster resource is initialized

2020-07-31 09:34:05,720 INFO Reflections took 71 ms to scan 1 urls, producing 6 keys and 24 values 

2020-07-31 09:34:05,768 INFO Reflections took 7 ms to scan 1 urls, producing 2 keys and 12 values 

2020-07-31 09:34:05,780 INFO Reflections took 5 ms to scan 1 urls, producing 3 keys and 15 values 

2020-07-31 09:34:07,445 INFO Initializing ExecutorService 'applicationTaskExecutor'

2020-07-31 09:34:07,722 INFO Adding welcome page: class path resource [static/index.html]

2020-07-31 09:34:08,552 INFO Creating filter chain: Ant [pattern='/**'], []

2020-07-31 09:34:08,623 INFO Creating filter chain: any request, [org.springframework.security.web.context.request.async.WebAsyncManagerIntegrationFilter@47428937, org.springframework.security.web.context.SecurityContextPersistenceFilter@cf65451, org.springframework.security.web.header.HeaderWriterFilter@47289387, org.springframework.security.web.csrf.CsrfFilter@5990e6c5, org.springframework.security.web.authentication.logout.LogoutFilter@d78795, org.springframework.security.web.savedrequest.RequestCacheAwareFilter@37eeec90, org.springframework.security.web.servletapi.SecurityContextHolderAwareRequestFilter@64da2a7, org.springframework.security.web.authentication.AnonymousAuthenticationFilter@3b9d6699, org.springframework.security.web.session.SessionManagementFilter@114a85c2, org.springframework.security.web.access.ExceptionTranslationFilter@35d6ca49]

2020-07-31 09:34:08,882 INFO Exposing 2 endpoint(s) beneath base path '/actuator'

2020-07-31 09:34:08,921 INFO Initializing ExecutorService 'taskScheduler'

2020-07-31 09:34:09,400 INFO Tomcat started on port(s): 8848 (http) with context path '/nacos'

2020-07-31 09:34:09,408 INFO Started Nacos in 18.011 seconds (JVM running for 19.226)

2020-07-31 09:34:09,408 INFO Nacos Log files: D:\nacos\logs

2020-07-31 09:34:09,413 INFO Nacos Log files: D:\nacos\conf

2020-07-31 09:34:09,415 INFO Nacos Log files: D:\nacos\data

2020-07-31 09:34:09,417 INFO Nacos started successfully in stand alone mode. use external storage

2020-07-31 09:34:20,399 INFO Initializing Spring DispatcherServlet 'dispatcherServlet'

2020-07-31 09:34:20,399 INFO Initializing Servlet 'dispatcherServlet'

2020-07-31 09:34:20,421 INFO Completed initialization in 21 ms

2020-07-31 09:44:06,145 INFO [capacityManagement] start correct usage

2020-07-31 09:44:06,293 INFO [capacityManagement] end correct usage, cost: 0s

2020-07-31 09:44:06,508 WARN clearConfigHistory start

2020-07-31 09:54:06,304 INFO [capacityManagement] start correct usage

2020-07-31 09:54:06,450 INFO [capacityManagement] end correct usage, cost: 0s

2020-07-31 09:54:06,558 WARN clearConfigHistory start

2020-07-31 10:04:06,462 INFO [capacityManagement] start correct usage

2020-07-31 10:04:06,699 WARN clearConfigHistory start

2020-07-31 10:04:17,399 WARN HikariPool-1 - Failed to validate connection com.mysql.cj.jdbc.ConnectionImpl@4d6c865a (Communications link failure

The last packet successfully received from the server was 1,810,157 milliseconds ago.  The last packet sent successfully to the server was 1,810,198 milliseconds ago.). Possibly consider using a shorter maxLifetime value.

2020-07-31 10:04:17,424 WARN HikariPool-1 - Failed to validate connection com.mysql.cj.jdbc.ConnectionImpl@3634afc9 (Communications link failure

The last packet successfully received from the server was 1,809,803 milliseconds ago.  The last packet sent successfully to the server was 1,809,838 milliseconds ago.). Possibly consider using a shorter maxLifetime value.

2020-07-31 10:04:19,117 WARN HikariPool-1 - Failed to validate connection com.mysql.cj.jdbc.ConnectionImpl@f79e4a4 (Communications link failure

The last packet successfully received from the server was 1,809,471 milliseconds ago.  The last packet sent successfully to the server was 1,809,507 milliseconds ago.). Possibly consider using a shorter maxLifetime value.

2020-07-31 10:04:25,360 WARN HikariPool-1 - Failed to validate connection com.mysql.cj.jdbc.ConnectionImpl@12691941 (Communications link failure

The last packet successfully received from the server was 1,813,992 milliseconds ago.  The last packet sent successfully to the server was 1,814,033 milliseconds ago.). Possibly consider using a shorter maxLifetime value.

2020-07-31 10:14:06,815 WARN clearConfigHistory start

2020-07-31 10:24:06,930 WARN clearConfigHistory start

2020-07-31 10:33:40,055 WARN HikariPool-1 - Failed to validate connection com.mysql.cj.jdbc.ConnectionImpl@44e7d4f5 (Communications link failure

The last packet successfully received from the server was 1,806,672 milliseconds ago.  The last packet sent successfully to the server was 1,806,707 milliseconds ago.). Possibly consider using a shorter maxLifetime value.

2020-07-31 10:33:40,091 WARN HikariPool-1 - Failed to validate connection com.mysql.cj.jdbc.ConnectionImpl@2f279b40 (Communications link failure

The last packet successfully received from the server was 1,802,263 milliseconds ago.  The last packet sent successfully to the server was 1,802,296 milliseconds ago.). Possibly consider using a shorter maxLifetime value.

2020-07-31 10:33:40,843 WARN HikariPool-1 - Failed to validate connection com.mysql.cj.jdbc.ConnectionImpl@23950031 (Communications link failure

The last packet successfully received from the server was 1,797,626 milliseconds ago.  The last packet sent successfully to the server was 1,797,662 milliseconds ago.). Possibly consider using a shorter maxLifetime value.

2020-07-31 10:33:58,954 WARN HikariPool-1 - Failed to validate connection com.mysql.cj.jdbc.ConnectionImpl@4226ff2f (Communications link failure

The last packet successfully received from the server was 1,808,784 milliseconds ago.  The last packet sent successfully to the server was 1,808,819 milliseconds ago.). Possibly consider using a shorter maxLifetime value.

2020-07-31 10:34:07,008 WARN clearConfigHistory start

2020-07-31 10:34:08,991 WARN HikariPool-1 - Failed to validate connection com.mysql.cj.jdbc.ConnectionImpl@2454eb2e (Communications link failure

The last packet successfully received from the server was 1,811,473 milliseconds ago.  The last packet sent successfully to the server was 1,811,506 milliseconds ago.). Possibly consider using a shorter maxLifetime value.

2020-07-31 10:34:09,765 WARN HikariPool-1 - Failed to validate connection com.mysql.cj.jdbc.ConnectionImpl@41c493a6 (Communications link failure

The last packet successfully received from the server was 1,790,276 milliseconds ago.  The last packet sent successfully to the server was 1,790,313 milliseconds ago.). Possibly consider using a shorter maxLifetime value.

2020-07-31 10:44:07,156 WARN clearConfigHistory start

2020-07-31 10:54:07,270 WARN clearConfigHistory start

2020-07-31 11:03:02,034 WARN HikariPool-1 - Failed to validate connection com.mysql.cj.jdbc.ConnectionImpl@7a462f13 (Communications link failure

The last packet successfully received from the server was 1,781,003 milliseconds ago.  The last packet sent successfully to the server was 1,781,036 milliseconds ago.). Possibly consider using a shorter maxLifetime value.

2020-07-31 11:03:22,190 WARN HikariPool-1 - Failed to validate connection com.mysql.cj.jdbc.ConnectionImpl@72c9bba8 (Communications link failure

The last packet successfully received from the server was 1,784,331 milliseconds ago.  The last packet sent successfully to the server was 1,784,365 milliseconds ago.). Possibly consider using a shorter maxLifetime value.

2020-07-31 11:03:22,461 WARN HikariPool-1 - Failed to validate connection com.mysql.cj.jdbc.ConnectionImpl@5f9e7caa (Communications link failure

The last packet successfully received from the server was 1,784,230 milliseconds ago.  The last packet sent successfully to the server was 1,784,266 milliseconds ago.). Possibly consider using a shorter maxLifetime value.

2020-07-31 11:03:30,940 WARN HikariPool-1 - Failed to validate connection com.mysql.cj.jdbc.ConnectionImpl@1364b10b (Communications link failure

The last packet successfully received from the server was 1,792,284 milliseconds ago.  The last packet sent successfully to the server was 1,792,316 milliseconds ago.). Possibly consider using a shorter maxLifetime value.

2020-07-31 11:03:41,371 WARN HikariPool-1 - Failed to validate connection com.mysql.cj.jdbc.ConnectionImpl@26e2f401 (Communications link failure

The last packet successfully received from the server was 1,800,979 milliseconds ago.  The last packet sent successfully to the server was 1,801,013 milliseconds ago.). Possibly consider using a shorter maxLifetime value.

2020-07-31 11:03:51,099 WARN HikariPool-1 - Failed to validate connection com.mysql.cj.jdbc.ConnectionImpl@6915bb21 (Communications link failure

The last packet successfully received from the server was 1,810,381 milliseconds ago.  The last packet sent successfully to the server was 1,810,413 milliseconds ago.). Possibly consider using a shorter maxLifetime value.

2020-07-31 11:03:59,848 WARN HikariPool-1 - Failed to validate connection com.mysql.cj.jdbc.ConnectionImpl@53aa751f (Communications link failure

The last packet successfully received from the server was 1,807,786 milliseconds ago.  The last packet sent successfully to the server was 1,807,820 milliseconds ago.). Possibly consider using a shorter maxLifetime value.

2020-07-31 11:04:00,281 WARN HikariPool-1 - Failed to validate connection com.mysql.cj.jdbc.ConnectionImpl@2222b192 (Communications link failure

The last packet successfully received from the server was 1,800,996 milliseconds ago.  The last packet sent successfully to the server was 1,801,029 milliseconds ago.). Possibly consider using a shorter maxLifetime value.

2020-07-31 11:04:07,385 WARN clearConfigHistory start

2020-07-31 11:04:19,187 WARN HikariPool-1 - Failed to validate connection com.mysql.cj.jdbc.ConnectionImpl@1499d659 (Communications link failure

The last packet successfully received from the server was 1,809,077 milliseconds ago.  The last packet sent successfully to the server was 1,809,111 milliseconds ago.). Possibly consider using a shorter maxLifetime value.

2020-07-31 11:14:07,495 WARN clearConfigHistory start

2020-07-31 11:21:47,626 WARN HikariPool-1 - Failed to validate connection com.mysql.cj.jdbc.ConnectionImpl@1d8ab517 (Communications link failure

The last packet successfully received from the server was 1,145,307 milliseconds ago.  The last packet sent successfully to the server was 1,145,340 milliseconds ago.). Possibly consider using a shorter maxLifetime value.

2020-07-31 11:24:07,626 WARN clearConfigHistory start

2020-07-31 11:32:51,564 WARN HikariPool-1 - Failed to validate connection com.mysql.cj.jdbc.ConnectionImpl@11fd39e8 (Communications link failure

The last packet successfully received from the server was 1,796,598 milliseconds ago.  The last packet sent successfully to the server was 1,796,633 milliseconds ago.). Possibly consider using a shorter maxLifetime value.

2020-07-31 11:33:09,392 WARN HikariPool-1 - Failed to validate connection com.mysql.cj.jdbc.ConnectionImpl@1893693b (Communications link failure

The last packet successfully received from the server was 1,778,110 milliseconds ago.  The last packet sent successfully to the server was 1,778,144 milliseconds ago.). Possibly consider using a shorter maxLifetime value.

2020-07-31 11:33:12,915 WARN HikariPool-1 - Failed to validate connection com.mysql.cj.jdbc.ConnectionImpl@7e5ed1fb (Communications link failure

The last packet successfully received from the server was 1,790,376 milliseconds ago.  The last packet sent successfully to the server was 1,790,410 milliseconds ago.). Possibly consider using a shorter maxLifetime value.

2020-07-31 11:33:20,479 WARN HikariPool-1 - Failed to validate connection com.mysql.cj.jdbc.ConnectionImpl@7c5b874c (Communications link failure

The last packet successfully received from the server was 1,797,588 milliseconds ago.  The last packet sent successfully to the server was 1,797,623 milliseconds ago.). Possibly consider using a shorter maxLifetime value.

2020-07-31 11:33:22,952 WARN HikariPool-1 - Failed to validate connection com.mysql.cj.jdbc.ConnectionImpl@2202c73f (Communications link failure

The last packet successfully received from the server was 1,762,738 milliseconds ago.  The last packet sent successfully to the server was 1,762,774 milliseconds ago.). Possibly consider using a shorter maxLifetime value.

2020-07-31 11:33:28,295 WARN HikariPool-1 - Failed to validate connection com.mysql.cj.jdbc.ConnectionImpl@6720e77a (Communications link failure

The last packet successfully received from the server was 1,776,845 milliseconds ago.  The last packet sent successfully to the server was 1,776,879 milliseconds ago.). Possibly consider using a shorter maxLifetime value.

2020-07-31 11:33:41,855 WARN HikariPool-1 - Failed to validate connection com.mysql.cj.jdbc.ConnectionImpl@476b4532 (Communications link failure

The last packet successfully received from the server was 1,781,211 milliseconds ago.  The last packet sent successfully to the server was 1,781,246 milliseconds ago.). Possibly consider using a shorter maxLifetime value.

2020-07-31 11:33:47,196 WARN HikariPool-1 - Failed to validate connection com.mysql.cj.jdbc.ConnectionImpl@1fe44126 (Communications link failure

The last packet successfully received from the server was 1,767,660 milliseconds ago.  The last packet sent successfully to the server was 1,767,695 milliseconds ago.). Possibly consider using a shorter maxLifetime value.

2020-07-31 11:33:49,390 WARN HikariPool-1 - Failed to validate connection com.mysql.cj.jdbc.ConnectionImpl@60a702cb (Communications link failure

The last packet successfully received from the server was 721,413 milliseconds ago.  The last packet sent successfully to the server was 721,448 milliseconds ago.). Possibly consider using a shorter maxLifetime value.

2020-07-31 11:34:07,740 WARN clearConfigHistory start

2020-07-31 11:44:07,885 WARN clearConfigHistory start

2020-07-31 11:52:08,155 WARN HikariPool-1 - Failed to validate connection com.mysql.cj.jdbc.ConnectionImpl@1a259dec (Communications link failure

The last packet successfully received from the server was 1,190,494 milliseconds ago.  The last packet sent successfully to the server was 1,190,526 milliseconds ago.). Possibly consider using a shorter maxLifetime value.

2020-07-31 11:54:07,932 WARN clearConfigHistory start

2020-07-31 11:59:40,899 WARN HikariPool-1 - Failed to validate connection com.mysql.cj.jdbc.ConnectionImpl@1a338a14 (Communications link failure

The last packet successfully received from the server was 1,640,114 milliseconds ago.  The last packet sent successfully to the server was 1,640,147 milliseconds ago.). Possibly consider using a shorter maxLifetime value.

2020-07-31 12:02:13,165 WARN HikariPool-1 - Failed to validate connection com.mysql.cj.jdbc.ConnectionImpl@1207136d (Communications link failure

The last packet successfully received from the server was 1,770,966 milliseconds ago.  The last packet sent successfully to the server was 1,770,999 milliseconds ago.). Possibly consider using a shorter maxLifetime value.

2020-07-31 12:02:32,066 WARN HikariPool-1 - Failed to validate connection com.mysql.cj.jdbc.ConnectionImpl@54ba9e71 (Communications link failure

The last packet successfully received from the server was 1,785,148 milliseconds ago.  The last packet sent successfully to the server was 1,785,179 milliseconds ago.). Possibly consider using a shorter maxLifetime value.

2020-07-31 12:02:35,687 WARN HikariPool-1 - Failed to validate connection com.mysql.cj.jdbc.ConnectionImpl@7260379a (Communications link failure

The last packet successfully received from the server was 1,776,900 milliseconds ago.  The last packet sent successfully to the server was 1,776,933 milliseconds ago.). Possibly consider using a shorter maxLifetime value.

2020-07-31 12:02:40,994 WARN HikariPool-1 - Failed to validate connection com.mysql.cj.jdbc.ConnectionImpl@7b882a03 (Communications link failure

The last packet successfully received from the server was 1,773,682 milliseconds ago.  The last packet sent successfully to the server was 1,773,717 milliseconds ago.). Possibly consider using a shorter maxLifetime value.

2020-07-31 12:02:54,591 WARN HikariPool-1 - Failed to validate connection com.mysql.cj.jdbc.ConnectionImpl@94de207 (Communications link failure

The last packet successfully received from the server was 1,784,846 milliseconds ago.  The last packet sent successfully to the server was 1,784,881 milliseconds ago.). Possibly consider using a shorter maxLifetime value.

2020-07-31 12:03:00,960 WARN HikariPool-1 - Failed to validate connection com.mysql.cj.jdbc.ConnectionImpl@4e90ae93 (Communications link failure

The last packet successfully received from the server was 1,780,155 milliseconds ago.  The last packet sent successfully to the server was 1,780,187 milliseconds ago.). Possibly consider using a shorter maxLifetime value.

2020-07-31 12:03:09,907 WARN HikariPool-1 - Failed to validate connection com.mysql.cj.jdbc.ConnectionImpl@6291387d (Communications link failure

The last packet successfully received from the server was 1,786,628 milliseconds ago.  The last packet sent successfully to the server was 1,786,660 milliseconds ago.). Possibly consider using a shorter maxLifetime value.

2020-07-31 12:03:10,994 WARN HikariPool-1 - Failed to validate connection com.mysql.cj.jdbc.ConnectionImpl@7b728f6f (Communications link failure

The last packet successfully received from the server was 1,763,462 milliseconds ago.  The last packet sent successfully to the server was 1,763,494 milliseconds ago.). Possibly consider using a shorter maxLifetime value.

2020-07-31 12:03:13,493 WARN HikariPool-1 - Failed to validate connection com.mysql.cj.jdbc.ConnectionImpl@469641e9 (Communications link failure

The last packet successfully received from the server was 1,771,293 milliseconds ago.  The last packet sent successfully to the server was 1,771,327 milliseconds ago.). Possibly consider using a shorter maxLifetime value.

2020-07-31 12:03:29,895 WARN HikariPool-1 - Failed to validate connection com.mysql.cj.jdbc.ConnectionImpl@7b7851c0 (Communications link failure

The last packet successfully received from the server was 681,397 milliseconds ago.  The last packet sent successfully to the server was 681,430 milliseconds ago.). Possibly consider using a shorter maxLifetime value.

2020-07-31 12:04:08,040 WARN clearConfigHistory start

2020-07-31 12:14:08,148 WARN clearConfigHistory start

2020-07-31 12:24:08,259 WARN clearConfigHistory start

2020-07-31 12:30:00,552 WARN HikariPool-1 - Failed to validate connection com.mysql.cj.jdbc.ConnectionImpl@5b5b12bf (Communications link failure

The last packet successfully received from the server was 1,687,259 milliseconds ago.  The last packet sent successfully to the server was 1,687,295 milliseconds ago.). Possibly consider using a shorter maxLifetime value.

2020-07-31 12:32:00,282 WARN HikariPool-1 - Failed to validate connection com.mysql.cj.jdbc.ConnectionImpl@14815ae6 (Communications link failure

The last packet successfully received from the server was 1,787,089 milliseconds ago.  The last packet sent successfully to the server was 1,787,124 milliseconds ago.). Possibly consider using a shorter maxLifetime value.

2020-07-31 12:32:01,389 WARN HikariPool-1 - Failed to validate connection com.mysql.cj.jdbc.ConnectionImpl@42c9ecc0 (Communications link failure

The last packet successfully received from the server was 1,787,838 milliseconds ago.  The last packet sent successfully to the server was 1,787,873 milliseconds ago.). Possibly consider using a shorter maxLifetime value.

2020-07-31 12:32:02,180 WARN HikariPool-1 - Failed to validate connection com.mysql.cj.jdbc.ConnectionImpl@35bc15e (Communications link failure

The last packet successfully received from the server was 1,787,145 milliseconds ago.  The last packet sent successfully to the server was 1,787,176 milliseconds ago.). Possibly consider using a shorter maxLifetime value.

2020-07-31 12:32:21,084 WARN HikariPool-1 - Failed to validate connection com.mysql.cj.jdbc.ConnectionImpl@42ba7f16 (Communications link failure

The last packet successfully received from the server was 1,785,056 milliseconds ago.  The last packet sent successfully to the server was 1,785,090 milliseconds ago.). Possibly consider using a shorter maxLifetime value.

2020-07-31 12:32:29,191 WARN HikariPool-1 - Failed to validate connection com.mysql.cj.jdbc.ConnectionImpl@61169729 (Communications link failure

The last packet successfully received from the server was 1,789,980 milliseconds ago.  The last packet sent successfully to the server was 1,790,014 milliseconds ago.). Possibly consider using a shorter maxLifetime value.

2020-07-31 12:32:30,297 WARN HikariPool-1 - Failed to validate connection com.mysql.cj.jdbc.ConnectionImpl@73f6c68d (Communications link failure

The last packet successfully received from the server was 1,788,943 milliseconds ago.  The last packet sent successfully to the server was 1,788,978 milliseconds ago.). Possibly consider using a shorter maxLifetime value.

2020-07-31 12:32:39,993 WARN HikariPool-1 - Failed to validate connection com.mysql.cj.jdbc.ConnectionImpl@1154911a (Communications link failure

The last packet successfully received from the server was 1,787,747 milliseconds ago.  The last packet sent successfully to the server was 1,787,781 milliseconds ago.). Possibly consider using a shorter maxLifetime value.

2020-07-31 12:32:58,104 WARN HikariPool-1 - Failed to validate connection com.mysql.cj.jdbc.ConnectionImpl@3724d469 (Communications link failure

The last packet successfully received from the server was 1,796,784 milliseconds ago.  The last packet sent successfully to the server was 1,796,820 milliseconds ago.). Possibly consider using a shorter maxLifetime value.

2020-07-31 12:32:58,896 WARN HikariPool-1 - Failed to validate connection com.mysql.cj.jdbc.ConnectionImpl@5d0b770d (Communications link failure

The last packet successfully received from the server was 1,788,657 milliseconds ago.  The last packet sent successfully to the server was 1,788,690 milliseconds ago.). Possibly consider using a shorter maxLifetime value.

2020-07-31 12:32:59,206 WARN HikariPool-1 - Failed to validate connection com.mysql.cj.jdbc.ConnectionImpl@3c15e63e (Communications link failure

The last packet successfully received from the server was 1,785,383 milliseconds ago.  The last packet sent successfully to the server was 1,785,415 milliseconds ago.). Possibly consider using a shorter maxLifetime value.

2020-07-31 12:33:17,799 WARN HikariPool-1 - Failed to validate connection com.mysql.cj.jdbc.ConnectionImpl@17597e62 (Communications link failure

The last packet successfully received from the server was 1,787,538 milliseconds ago.  The last packet sent successfully to the server was 1,787,575 milliseconds ago.). Possibly consider using a shorter maxLifetime value.

2020-07-31 12:34:08,372 WARN clearConfigHistory start

2020-07-31 12:44:08,525 WARN clearConfigHistory start

2020-07-31 12:54:08,641 WARN clearConfigHistory start

2020-07-31 12:59:50,538 WARN HikariPool-1 - Failed to validate connection com.mysql.cj.jdbc.ConnectionImpl@272a9800 (Communications link failure

The last packet successfully received from the server was 1,705,859 milliseconds ago.  The last packet sent successfully to the server was 1,705,893 milliseconds ago.). Possibly consider using a shorter maxLifetime value.

2020-07-31 13:00:19,435 WARN HikariPool-1 - Failed to validate connection com.mysql.cj.jdbc.ConnectionImpl@7ee72571 (Communications link failure

The last packet successfully received from the server was 1,723,898 milliseconds ago.  The last packet sent successfully to the server was 1,723,931 milliseconds ago.). Possibly consider using a shorter maxLifetime value.

2020-07-31 13:00:20,786 WARN HikariPool-1 - Failed to validate connection com.mysql.cj.jdbc.ConnectionImpl@3c7ca75a (Communications link failure

The last packet successfully received from the server was 1,722,699 milliseconds ago.  The last packet sent successfully to the server was 1,722,732 milliseconds ago.). Possibly consider using a shorter maxLifetime value.

2020-07-31 13:00:20,931 WARN HikariPool-1 - Failed to validate connection com.mysql.cj.jdbc.ConnectionImpl@34f19637 (Communications link failure

The last packet successfully received from the server was 1,700,307 milliseconds ago.  The last packet sent successfully to the server was 1,700,341 milliseconds ago.). Possibly consider using a shorter maxLifetime value.

2020-07-31 13:00:39,829 WARN HikariPool-1 - Failed to validate connection com.mysql.cj.jdbc.ConnectionImpl@1a37477b (Communications link failure

The last packet successfully received from the server was 1,718,168 milliseconds ago.  The last packet sent successfully to the server was 1,718,203 milliseconds ago.). Possibly consider using a shorter maxLifetime value.

2020-07-31 13:00:48,345 WARN HikariPool-1 - Failed to validate connection com.mysql.cj.jdbc.ConnectionImpl@75d5fac7 (Communications link failure

The last packet successfully received from the server was 1,726,336 milliseconds ago.  The last packet sent successfully to the server was 1,726,370 milliseconds ago.). Possibly consider using a shorter maxLifetime value.

2020-07-31 13:00:49,686 WARN HikariPool-1 - Failed to validate connection com.mysql.cj.jdbc.ConnectionImpl@d755e7 (Communications link failure

The last packet successfully received from the server was 1,727,155 milliseconds ago.  The last packet sent successfully to the server was 1,727,190 milliseconds ago.). Possibly consider using a shorter maxLifetime value.

2020-07-31 13:00:58,730 WARN HikariPool-1 - Failed to validate connection com.mysql.cj.jdbc.ConnectionImpl@23874c19 (Communications link failure

The last packet successfully received from the server was 1,717,317 milliseconds ago.  The last packet sent successfully to the server was 1,717,350 milliseconds ago.). Possibly consider using a shorter maxLifetime value.

2020-07-31 13:01:17,254 WARN HikariPool-1 - Failed to validate connection com.mysql.cj.jdbc.ConnectionImpl@6e1743e3 (Communications link failure

The last packet successfully received from the server was 1,728,251 milliseconds ago.  The last packet sent successfully to the server was 1,728,285 milliseconds ago.). Possibly consider using a shorter maxLifetime value.

2020-07-31 13:01:17,632 WARN HikariPool-1 - Failed to validate connection com.mysql.cj.jdbc.ConnectionImpl@3bd3b6eb (Communications link failure

The last packet successfully received from the server was 1,728,123 milliseconds ago.  The last packet sent successfully to the server was 1,728,156 milliseconds ago.). Possibly consider using a shorter maxLifetime value.

2020-07-31 13:02:26,472 WARN HikariPool-1 - Failed to validate connection com.mysql.cj.jdbc.ConnectionImpl@43cc89b3 (Communications link failure

The last packet successfully received from the server was 1,786,143 milliseconds ago.  The last packet sent successfully to the server was 1,786,176 milliseconds ago.). Possibly consider using a shorter maxLifetime value.

2020-07-31 13:02:29,157 WARN HikariPool-1 - Failed to validate connection com.mysql.cj.jdbc.ConnectionImpl@1365f7f5 (Communications link failure

The last packet successfully received from the server was 1,770,713 milliseconds ago.  The last packet sent successfully to the server was 1,770,747 milliseconds ago.). Possibly consider using a shorter maxLifetime value.

2020-07-31 13:02:37,019 WARN HikariPool-1 - Failed to validate connection com.mysql.cj.jdbc.ConnectionImpl@2ee238bc (Communications link failure

The last packet successfully received from the server was 1,777,750 milliseconds ago.  The last packet sent successfully to the server was 1,777,785 milliseconds ago.). Possibly consider using a shorter maxLifetime value.

2020-07-31 13:02:55,373 WARN HikariPool-1 - Failed to validate connection com.mysql.cj.jdbc.ConnectionImpl@728dd810 (Communications link failure

The last packet successfully received from the server was 1,795,749 milliseconds ago.  The last packet sent successfully to the server was 1,795,784 milliseconds ago.). Possibly consider using a shorter maxLifetime value.

2020-07-31 13:02:55,926 WARN HikariPool-1 - Failed to validate connection com.mysql.cj.jdbc.ConnectionImpl@6ae328b9 (Communications link failure

The last packet successfully received from the server was 1,777,769 milliseconds ago.  The last packet sent successfully to the server was 1,777,805 milliseconds ago.). Possibly consider using a shorter maxLifetime value.

2020-07-31 13:04:08,754 WARN clearConfigHistory start

2020-07-31 13:14:08,868 WARN clearConfigHistory start

2020-07-31 13:24:08,980 WARN clearConfigHistory start

2020-07-31 13:29:26,985 WARN HikariPool-1 - Failed to validate connection com.mysql.cj.jdbc.ConnectionImpl@6553fdb5 (Communications link failure

The last packet successfully received from the server was 1,776,136 milliseconds ago.  The last packet sent successfully to the server was 1,776,167 milliseconds ago.). Possibly consider using a shorter maxLifetime value.

2020-07-31 13:29:27,403 WARN HikariPool-1 - Failed to validate connection com.mysql.cj.jdbc.ConnectionImpl@908b2b8 (Communications link failure

The last packet successfully received from the server was 1,773,073 milliseconds ago.  The last packet sent successfully to the server was 1,773,109 milliseconds ago.). Possibly consider using a shorter maxLifetime value.

2020-07-31 13:29:31,629 WARN HikariPool-1 - Failed to validate connection com.mysql.cj.jdbc.ConnectionImpl@17002118 (Communications link failure

The last packet successfully received from the server was 1,751,821 milliseconds ago.  The last packet sent successfully to the server was 1,751,858 milliseconds ago.). Possibly consider using a shorter maxLifetime value.

2020-07-31 13:29:46,304 WARN HikariPool-1 - Failed to validate connection com.mysql.cj.jdbc.ConnectionImpl@67acb0c6 (Communications link failure

The last packet successfully received from the server was 1,765,164 milliseconds ago.  The last packet sent successfully to the server was 1,765,198 milliseconds ago.). Possibly consider using a shorter maxLifetime value.

2020-07-31 13:29:55,886 WARN HikariPool-1 - Failed to validate connection com.mysql.cj.jdbc.ConnectionImpl@a53f160 (Communications link failure

The last packet successfully received from the server was 1,774,418 milliseconds ago.  The last packet sent successfully to the server was 1,774,451 milliseconds ago.). Possibly consider using a shorter maxLifetime value.

2020-07-31 13:30:00,539 WARN HikariPool-1 - Failed to validate connection com.mysql.cj.jdbc.ConnectionImpl@3f71e1af (Communications link failure

The last packet successfully received from the server was 1,760,357 milliseconds ago.  The last packet sent successfully to the server was 1,760,392 milliseconds ago.). Possibly consider using a shorter maxLifetime value.

2020-07-31 13:30:05,212 WARN HikariPool-1 - Failed to validate connection com.mysql.cj.jdbc.ConnectionImpl@3c53bb67 (Communications link failure

The last packet successfully received from the server was 1,756,497 milliseconds ago.  The last packet sent successfully to the server was 1,756,532 milliseconds ago.). Possibly consider using a shorter maxLifetime value.

2020-07-31 13:30:24,124 WARN HikariPool-1 - Failed to validate connection com.mysql.cj.jdbc.ConnectionImpl@70024327 (Communications link failure

The last packet successfully received from the server was 1,774,107 milliseconds ago.  The last packet sent successfully to the server was 1,774,140 milliseconds ago.). Possibly consider using a shorter maxLifetime value.

2020-07-31 13:30:24,794 WARN HikariPool-1 - Failed to validate connection com.mysql.cj.jdbc.ConnectionImpl@1b0c9591 (Communications link failure

The last packet successfully received from the server was 1,765,746 milliseconds ago.  The last packet sent successfully to the server was 1,765,778 milliseconds ago.). Possibly consider using a shorter maxLifetime value.

2020-07-31 13:30:29,446 WARN HikariPool-1 - Failed to validate connection com.mysql.cj.jdbc.ConnectionImpl@5f606118 (Communications link failure

The last packet successfully received from the server was 1,751,856 milliseconds ago.  The last packet sent successfully to the server was 1,751,890 milliseconds ago.). Possibly consider using a shorter maxLifetime value.

2020-07-31 13:30:43,036 WARN HikariPool-1 - Failed to validate connection com.mysql.cj.jdbc.ConnectionImpl@12b2fd54 (Communications link failure

The last packet successfully received from the server was 1,765,076 milliseconds ago.  The last packet sent successfully to the server was 1,765,109 milliseconds ago.). Possibly consider using a shorter maxLifetime value.

2020-07-31 13:30:43,073 WARN HikariPool-1 - Failed to validate connection com.mysql.cj.jdbc.ConnectionImpl@516292d9 (Communications link failure

The last packet successfully received from the server was 1,715,342 milliseconds ago.  The last packet sent successfully to the server was 1,715,376 milliseconds ago.). Possibly consider using a shorter maxLifetime value.

2020-07-31 13:30:53,701 WARN HikariPool-1 - Failed to validate connection com.mysql.cj.jdbc.ConnectionImpl@3a7cdaa1 (Communications link failure

The last packet successfully received from the server was 1,739,771 milliseconds ago.  The last packet sent successfully to the server was 1,739,804 milliseconds ago.). Possibly consider using a shorter maxLifetime value.

2020-07-31 13:30:58,352 WARN HikariPool-1 - Failed to validate connection com.mysql.cj.jdbc.ConnectionImpl@2bddee0e (Communications link failure

The last packet successfully received from the server was 1,738,333 milliseconds ago.  The last packet sent successfully to the server was 1,738,368 milliseconds ago.). Possibly consider using a shorter maxLifetime value.

2020-07-31 13:31:01,967 WARN HikariPool-1 - Failed to validate connection com.mysql.cj.jdbc.ConnectionImpl@7456767b (Communications link failure

The last packet successfully received from the server was 1,715,154 milliseconds ago.  The last packet sent successfully to the server was 1,715,187 milliseconds ago.). Possibly consider using a shorter maxLifetime value.

2020-07-31 13:31:20,866 WARN HikariPool-1 - Failed to validate connection com.mysql.cj.jdbc.ConnectionImpl@710b6df8 (Communications link failure

The last packet successfully received from the server was 1,731,376 milliseconds ago.  The last packet sent successfully to the server was 1,731,408 milliseconds ago.). Possibly consider using a shorter maxLifetime value.

2020-07-31 13:31:22,597 WARN HikariPool-1 - Failed to validate connection com.mysql.cj.jdbc.ConnectionImpl@8e45519 (Communications link failure

The last packet successfully received from the server was 1,725,225 milliseconds ago.  The last packet sent successfully to the server was 1,725,260 milliseconds ago.). Possibly consider using a shorter maxLifetime value.

2020-07-31 13:31:27,258 WARN HikariPool-1 - Failed to validate connection com.mysql.cj.jdbc.ConnectionImpl@9b727f9 (Communications link failure

The last packet successfully received from the server was 1,711,562 milliseconds ago.  The last packet sent successfully to the server was 1,711,594 milliseconds ago.). Possibly consider using a shorter maxLifetime value.

2020-07-31 13:31:39,766 WARN HikariPool-1 - Failed to validate connection com.mysql.cj.jdbc.ConnectionImpl@586a26c3 (Communications link failure

The last packet successfully received from the server was 1,723,505 milliseconds ago.  The last packet sent successfully to the server was 1,723,538 milliseconds ago.). Possibly consider using a shorter maxLifetime value.

2020-07-31 13:34:09,128 WARN clearConfigHistory start

2020-07-31 13:43:21,835 WARN HikariPool-1 - Failed to validate connection com.mysql.cj.jdbc.ConnectionImpl@7ee54afc (Communications link failure

The last packet successfully received from the server was 834,508 milliseconds ago.  The last packet sent successfully to the server was 834,542 milliseconds ago.). Possibly consider using a shorter maxLifetime value.

2020-07-31 13:44:09,244 WARN clearConfigHistory start

2020-07-31 13:45:08,128 WARN HikariPool-1 - Failed to validate connection com.mysql.cj.jdbc.ConnectionImpl@6538e0d6 (Communications link failure

The last packet successfully received from the server was 940,381 milliseconds ago.  The last packet sent successfully to the server was 940,414 milliseconds ago.). Possibly consider using a shorter maxLifetime value.

2020-07-31 13:54:09,325 WARN clearConfigHistory start

2020-07-31 13:59:17,916 WARN HikariPool-1 - Failed to validate connection com.mysql.cj.jdbc.ConnectionImpl@105b6f71 (Communications link failure

The last packet successfully received from the server was 1,771,257 milliseconds ago.  The last packet sent successfully to the server was 1,771,292 milliseconds ago.). Possibly consider using a shorter maxLifetime value.

2020-07-31 13:59:18,553 WARN HikariPool-1 - Failed to validate connection com.mysql.cj.jdbc.ConnectionImpl@18267d87 (Communications link failure

The last packet successfully received from the server was 1,762,329 milliseconds ago.  The last packet sent successfully to the server was 1,762,362 milliseconds ago.). Possibly consider using a shorter maxLifetime value.

2020-07-31 13:59:23,917 WARN HikariPool-1 - Failed to validate connection com.mysql.cj.jdbc.ConnectionImpl@7776e0a4 (Communications link failure

The last packet successfully received from the server was 1,763,036 milliseconds ago.  The last packet sent successfully to the server was 1,763,070 milliseconds ago.). Possibly consider using a shorter maxLifetime value.

2020-07-31 13:59:36,822 WARN HikariPool-1 - Failed to validate connection com.mysql.cj.jdbc.ConnectionImpl@3b617e15 (Communications link failure

The last packet successfully received from the server was 1,771,246 milliseconds ago.  The last packet sent successfully to the server was 1,771,283 milliseconds ago.). Possibly consider using a shorter maxLifetime value.

2020-07-31 13:59:47,457 WARN HikariPool-1 - Failed to validate connection com.mysql.cj.jdbc.ConnectionImpl@789406ed (Communications link failure

The last packet successfully received from the server was 1,763,019 milliseconds ago.  The last packet sent successfully to the server was 1,763,050 milliseconds ago.). Possibly consider using a shorter maxLifetime value.

2020-07-31 13:59:52,818 WARN HikariPool-1 - Failed to validate connection com.mysql.cj.jdbc.ConnectionImpl@26312d35 (Communications link failure

The last packet successfully received from the server was 1,767,674 milliseconds ago.  The last packet sent successfully to the server was 1,767,709 milliseconds ago.). Possibly consider using a shorter maxLifetime value.

2020-07-31 13:59:55,730 WARN HikariPool-1 - Failed to validate connection com.mysql.cj.jdbc.ConnectionImpl@1c8a87f8 (Communications link failure

The last packet successfully received from the server was 1,765,930 milliseconds ago.  The last packet sent successfully to the server was 1,765,965 milliseconds ago.). Possibly consider using a shorter maxLifetime value.

2020-07-31 14:00:56,711 WARN HikariPool-1 - Failed to validate connection com.mysql.cj.jdbc.ConnectionImpl@28b852a7 (Communications link failure

The last packet successfully received from the server was 1,802,659 milliseconds ago.  The last packet sent successfully to the server was 1,802,693 milliseconds ago.). Possibly consider using a shorter maxLifetime value.

2020-07-31 14:00:59,969 WARN HikariPool-1 - Failed to validate connection com.mysql.cj.jdbc.ConnectionImpl@19b8b3bf (Communications link failure

The last packet successfully received from the server was 1,801,277 milliseconds ago.  The last packet sent successfully to the server was 1,801,312 milliseconds ago.). Possibly consider using a shorter maxLifetime value.

2020-07-31 14:01:02,016 WARN HikariPool-1 - Failed to validate connection com.mysql.cj.jdbc.ConnectionImpl@29215c8f (Communications link failure

The last packet successfully received from the server was 1,799,713 milliseconds ago.  The last packet sent successfully to the server was 1,799,746 milliseconds ago.). Possibly consider using a shorter maxLifetime value.

2020-07-31 14:01:18,871 WARN HikariPool-1 - Failed to validate connection com.mysql.cj.jdbc.ConnectionImpl@5070860b (Communications link failure

The last packet successfully received from the server was 1,778,771 milliseconds ago.  The last packet sent successfully to the server was 1,778,804 milliseconds ago.). Possibly consider using a shorter maxLifetime value.

2020-07-31 14:01:25,621 WARN HikariPool-1 - Failed to validate connection com.mysql.cj.jdbc.ConnectionImpl@76542f55 (Communications link failure

The last packet successfully received from the server was 1,083,444 milliseconds ago.  The last packet sent successfully to the server was 1,083,477 milliseconds ago.). Possibly consider using a shorter maxLifetime value.

2020-07-31 14:01:30,914 WARN HikariPool-1 - Failed to validate connection com.mysql.cj.jdbc.ConnectionImpl@50fe881a (Communications link failure

The last packet successfully received from the server was 982,443 milliseconds ago.  The last packet sent successfully to the server was 982,476 milliseconds ago.). Possibly consider using a shorter maxLifetime value.

2020-07-31 14:01:37,773 WARN HikariPool-1 - Failed to validate connection com.mysql.cj.jdbc.ConnectionImpl@32732f59 (Communications link failure

The last packet successfully received from the server was 167,711 milliseconds ago.  The last packet sent successfully to the server was 167,747 milliseconds ago.). Possibly consider using a shorter maxLifetime value.

2020-07-31 14:04:09,444 WARN clearConfigHistory start

2020-07-31 14:14:09,557 WARN clearConfigHistory start

2020-07-31 14:24:09,669 WARN clearConfigHistory start

2020-07-31 14:29:38,097 WARN HikariPool-1 - Failed to validate connection com.mysql.cj.jdbc.ConnectionImpl@72155e66 (Communications link failure

The last packet successfully received from the server was 1,790,294 milliseconds ago.  The last packet sent successfully to the server was 1,790,328 milliseconds ago.). Possibly consider using a shorter maxLifetime value.

2020-07-31 14:29:43,445 WARN HikariPool-1 - Failed to validate connection com.mysql.cj.jdbc.ConnectionImpl@49eeaad5 (Communications link failure

The last packet successfully received from the server was 1,787,369 milliseconds ago.  The last packet sent successfully to the server was 1,787,404 milliseconds ago.). Possibly consider using a shorter maxLifetime value.

2020-07-31 14:29:45,976 WARN HikariPool-1 - Failed to validate connection com.mysql.cj.jdbc.ConnectionImpl@10dc0d82 (Communications link failure

The last packet successfully received from the server was 1,752,167 milliseconds ago.  The last packet sent successfully to the server was 1,752,201 milliseconds ago.). Possibly consider using a shorter maxLifetime value.

2020-07-31 14:30:04,881 WARN HikariPool-1 - Failed to validate connection com.mysql.cj.jdbc.ConnectionImpl@235545e6 (Communications link failure

The last packet successfully received from the server was 1,767,680 milliseconds ago.  The last packet sent successfully to the server was 1,767,714 milliseconds ago.). Possibly consider using a shorter maxLifetime value.

2020-07-31 14:30:04,918 WARN HikariPool-1 - Failed to validate connection com.mysql.cj.jdbc.ConnectionImpl@2cb12852 (Communications link failure

The last packet successfully received from the server was 1,755,875 milliseconds ago.  The last packet sent successfully to the server was 1,755,908 milliseconds ago.). Possibly consider using a shorter maxLifetime value.

2020-07-31 14:30:07,009 WARN HikariPool-1 - Failed to validate connection com.mysql.cj.jdbc.ConnectionImpl@23aa12c4 (Communications link failure

The last packet successfully received from the server was 1,766,826 milliseconds ago.  The last packet sent successfully to the server was 1,766,858 milliseconds ago.). Possibly consider using a shorter maxLifetime value.

2020-07-31 14:30:12,344 WARN HikariPool-1 - Failed to validate connection com.mysql.cj.jdbc.ConnectionImpl@25c8e0bf (Communications link failure

The last packet successfully received from the server was 1,771,782 milliseconds ago.  The last packet sent successfully to the server was 1,771,817 milliseconds ago.). Possibly consider using a shorter maxLifetime value.

2020-07-31 14:30:23,819 WARN HikariPool-1 - Failed to validate connection com.mysql.cj.jdbc.ConnectionImpl@5c71905b (Communications link failure

The last packet successfully received from the server was 1,766,765 milliseconds ago.  The last packet sent successfully to the server was 1,766,798 milliseconds ago.). Possibly consider using a shorter maxLifetime value.

2020-07-31 14:30:23,854 WARN HikariPool-1 - Failed to validate connection com.mysql.cj.jdbc.ConnectionImpl@447b1e8a (Communications link failure

The last packet successfully received from the server was 1,744,646 milliseconds ago.  The last packet sent successfully to the server was 1,744,678 milliseconds ago.). Possibly consider using a shorter maxLifetime value.

2020-07-31 14:30:35,917 WARN HikariPool-1 - Failed to validate connection com.mysql.cj.jdbc.ConnectionImpl@6ca943d6 (Communications link failure

The last packet successfully received from the server was 1,775,616 milliseconds ago.  The last packet sent successfully to the server was 1,775,648 milliseconds ago.). Possibly consider using a shorter maxLifetime value.

2020-07-31 14:30:41,244 WARN HikariPool-1 - Failed to validate connection com.mysql.cj.jdbc.ConnectionImpl@3ba08f23 (Communications link failure

The last packet successfully received from the server was 1,778,878 milliseconds ago.  The last packet sent successfully to the server was 1,778,914 milliseconds ago.). Possibly consider using a shorter maxLifetime value.

2020-07-31 14:30:42,754 WARN HikariPool-1 - Failed to validate connection com.mysql.cj.jdbc.ConnectionImpl@61ad4def (Communications link failure

The last packet successfully received from the server was 1,756,783 milliseconds ago.  The last packet sent successfully to the server was 1,756,817 milliseconds ago.). Possibly consider using a shorter maxLifetime value.

2020-07-31 14:31:01,655 WARN HikariPool-1 - Failed to validate connection com.mysql.cj.jdbc.ConnectionImpl@310eeac9 (Communications link failure

The last packet successfully received from the server was 1,770,393 milliseconds ago.  The last packet sent successfully to the server was 1,770,427 milliseconds ago.). Possibly consider using a shorter maxLifetime value.

2020-07-31 14:31:04,833 WARN HikariPool-1 - Failed to validate connection com.mysql.cj.jdbc.ConnectionImpl@1eb60e02 (Communications link failure

The last packet successfully received from the server was 1,766,710 milliseconds ago.  The last packet sent successfully to the server was 1,766,744 milliseconds ago.). Possibly consider using a shorter maxLifetime value.

2020-07-31 14:34:09,783 WARN clearConfigHistory start

2020-07-31 14:44:09,897 WARN clearConfigHistory start

2020-07-31 14:45:31,132 WARN HikariPool-1 - Failed to validate connection com.mysql.cj.jdbc.ConnectionImpl@c8ecbac (Communications link failure

The last packet successfully received from the server was 996,215 milliseconds ago.  The last packet sent successfully to the server was 996,248 milliseconds ago.). Possibly consider using a shorter maxLifetime value.

2020-07-31 14:52:51,221 WARN HikariPool-1 - Failed to validate connection com.mysql.cj.jdbc.ConnectionImpl@50307059 (Communications link failure

The last packet successfully received from the server was 1,429,794 milliseconds ago.  The last packet sent successfully to the server was 1,429,828 milliseconds ago.). Possibly consider using a shorter maxLifetime value.

2020-07-31 14:54:10,012 WARN clearConfigHistory start

2020-07-31 14:58:32,732 WARN HikariPool-1 - Failed to validate connection com.mysql.cj.jdbc.ConnectionImpl@7dc9a792 (Communications link failure

The last packet successfully received from the server was 1,761,351 milliseconds ago.  The last packet sent successfully to the server was 1,761,386 milliseconds ago.). Possibly consider using a shorter maxLifetime value.

2020-07-31 14:58:36,154 WARN HikariPool-1 - Failed to validate connection com.mysql.cj.jdbc.ConnectionImpl@1612a99 (Communications link failure

The last packet successfully received from the server was 1,760,347 milliseconds ago.  The last packet sent successfully to the server was 1,760,382 milliseconds ago.). Possibly consider using a shorter maxLifetime value.

2020-07-31 14:58:39,992 WARN HikariPool-1 - Failed to validate connection com.mysql.cj.jdbc.ConnectionImpl@3dd83c62 (Communications link failure

The last packet successfully received from the server was 1,759,333 milliseconds ago.  The last packet sent successfully to the server was 1,759,366 milliseconds ago.). Possibly consider using a shorter maxLifetime value.

2020-07-31 14:58:58,894 WARN HikariPool-1 - Failed to validate connection com.mysql.cj.jdbc.ConnectionImpl@27340f20 (Communications link failure

The last packet successfully received from the server was 1,760,440 milliseconds ago.  The last packet sent successfully to the server was 1,760,475 milliseconds ago.). Possibly consider using a shorter maxLifetime value.

2020-07-31 14:59:01,636 WARN HikariPool-1 - Failed to validate connection com.mysql.cj.jdbc.ConnectionImpl@93fb148 (Communications link failure

The last packet successfully received from the server was 1,757,866 milliseconds ago.  The last packet sent successfully to the server was 1,757,897 milliseconds ago.). Possibly consider using a shorter maxLifetime value.

2020-07-31 14:59:05,051 WARN HikariPool-1 - Failed to validate connection com.mysql.cj.jdbc.ConnectionImpl@5cf233d8 (Communications link failure

The last packet successfully received from the server was 1,757,734 milliseconds ago.  The last packet sent successfully to the server was 1,757,767 milliseconds ago.). Possibly consider using a shorter maxLifetime value.

2020-07-31 14:59:17,794 WARN HikariPool-1 - Failed to validate connection com.mysql.cj.jdbc.ConnectionImpl@407be1c7 (Communications link failure

The last packet successfully received from the server was 1,752,580 milliseconds ago.  The last packet sent successfully to the server was 1,752,613 milliseconds ago.). Possibly consider using a shorter maxLifetime value.

2020-07-31 14:59:30,533 WARN HikariPool-1 - Failed to validate connection com.mysql.cj.jdbc.ConnectionImpl@5584cecf (Communications link failure

The last packet successfully received from the server was 1,764,961 milliseconds ago.  The last packet sent successfully to the server was 1,764,996 milliseconds ago.). Possibly consider using a shorter maxLifetime value.

2020-07-31 14:59:33,957 WARN HikariPool-1 - Failed to validate connection com.mysql.cj.jdbc.ConnectionImpl@5b1fdc9a (Communications link failure

The last packet successfully received from the server was 1,766,616 milliseconds ago.  The last packet sent successfully to the server was 1,766,649 milliseconds ago.). Possibly consider using a shorter maxLifetime value.

2020-07-31 14:59:36,699 WARN HikariPool-1 - Failed to validate connection com.mysql.cj.jdbc.ConnectionImpl@3b76ab3e (Communications link failure

The last packet successfully received from the server was 1,763,999 milliseconds ago.  The last packet sent successfully to the server was 1,764,034 milliseconds ago.). Possibly consider using a shorter maxLifetime value.

2020-07-31 14:59:55,607 WARN HikariPool-1 - Failed to validate connection com.mysql.cj.jdbc.ConnectionImpl@386ca631 (Communications link failure

The last packet successfully received from the server was 1,771,459 milliseconds ago.  The last packet sent successfully to the server was 1,771,491 milliseconds ago.). Possibly consider using a shorter maxLifetime value.

2020-07-31 14:59:59,438 WARN HikariPool-1 - Failed to validate connection com.mysql.cj.jdbc.ConnectionImpl@11e62e25 (Communications link failure

The last packet successfully received from the server was 1,774,950 milliseconds ago.  The last packet sent successfully to the server was 1,774,984 milliseconds ago.). Possibly consider using a shorter maxLifetime value.

2020-07-31 15:00:02,868 WARN HikariPool-1 - Failed to validate connection com.mysql.cj.jdbc.ConnectionImpl@23681c97 (Communications link failure

The last packet successfully received from the server was 1,766,598 milliseconds ago.  The last packet sent successfully to the server was 1,766,632 milliseconds ago.). Possibly consider using a shorter maxLifetime value.

2020-07-31 15:00:14,511 WARN HikariPool-1 - Failed to validate connection com.mysql.cj.jdbc.ConnectionImpl@7c959f9a (Communications link failure

The last packet successfully received from the server was 1,772,626 milliseconds ago.  The last packet sent successfully to the server was 1,772,661 milliseconds ago.). Possibly consider using a shorter maxLifetime value.

2020-07-31 15:00:28,333 WARN HikariPool-1 - Failed to validate connection com.mysql.cj.jdbc.ConnectionImpl@4e2ffe55 (Communications link failure

The last packet successfully received from the server was 1,785,227 milliseconds ago.  The last packet sent successfully to the server was 1,785,262 milliseconds ago.). Possibly consider using a shorter maxLifetime value.

2020-07-31 15:00:31,781 WARN HikariPool-1 - Failed to validate connection com.mysql.cj.jdbc.ConnectionImpl@dac1da0 (Communications link failure

The last packet successfully received from the server was 1,769,784 milliseconds ago.  The last packet sent successfully to the server was 1,769,818 milliseconds ago.). Possibly consider using a shorter maxLifetime value.

2020-07-31 15:00:33,414 WARN HikariPool-1 - Failed to validate connection com.mysql.cj.jdbc.ConnectionImpl@2fb48934 (Communications link failure

The last packet successfully received from the server was 1,767,941 milliseconds ago.  The last packet sent successfully to the server was 1,767,975 milliseconds ago.). Possibly consider using a shorter maxLifetime value.

2020-07-31 15:00:52,314 WARN HikariPool-1 - Failed to validate connection com.mysql.cj.jdbc.ConnectionImpl@38cceeed (Communications link failure

The last packet successfully received from the server was 920,823 milliseconds ago.  The last packet sent successfully to the server was 920,858 milliseconds ago.). Possibly consider using a shorter maxLifetime value.

2020-07-31 15:04:10,126 WARN clearConfigHistory start

