2020-07-31 09:24:27,571 INFO PERFORMANCE:|0|0|-1|-1

2020-07-31 09:29:27,577 INFO PERFORMANCE:|0|0|-1|-1

2020-07-31 09:31:38,293 INFO PERFORMANCE:|0|0|-1|-1

2020-07-31 09:34:36,521 INFO PERFORMANCE:|0|0|-1|-1

2020-07-31 09:39:36,528 INFO PERFORMANCE:|0|0|-1|-1

2020-07-31 09:44:36,534 INFO PERFORMANCE:|0|0|-1|-1

2020-07-31 09:49:36,540 INFO PERFORMANCE:|0|0|-1|-1

2020-07-31 09:54:36,546 INFO PERFORMANCE:|0|0|-1|-1

2020-07-31 09:59:36,551 INFO PERFORMANCE:|0|0|-1|-1

2020-07-31 10:04:36,557 INFO PERFORMANCE:|0|0|-1|-1

2020-07-31 10:09:36,564 INFO PERFORMANCE:|0|0|-1|-1

2020-07-31 10:14:36,570 INFO PERFORMANCE:|0|0|-1|-1

2020-07-31 10:19:36,575 INFO PERFORMANCE:|0|0|-1|-1

2020-07-31 10:24:36,581 INFO PERFORMANCE:|0|0|-1|-1

2020-07-31 10:29:36,587 INFO PERFORMANCE:|0|0|-1|-1

2020-07-31 10:34:36,593 INFO PERFORMANCE:|0|0|-1|-1

2020-07-31 10:39:36,599 INFO PERFORMANCE:|0|0|-1|-1

2020-07-31 10:44:36,604 INFO PERFORMANCE:|0|0|-1|-1

2020-07-31 10:49:36,610 INFO PERFORMANCE:|0|0|-1|-1

2020-07-31 10:54:36,615 INFO PERFORMANCE:|0|0|-1|-1

2020-07-31 10:59:36,621 INFO PERFORMANCE:|0|0|-1|-1

2020-07-31 11:04:36,626 INFO PERFORMANCE:|0|0|-1|-1

2020-07-31 11:09:36,632 INFO PERFORMANCE:|0|0|-1|-1

2020-07-31 11:14:36,638 INFO PERFORMANCE:|0|0|-1|-1

2020-07-31 11:19:36,644 INFO PERFORMANCE:|0|0|-1|-1

2020-07-31 11:24:36,648 INFO PERFORMANCE:|0|0|-1|-1

2020-07-31 11:29:36,653 INFO PERFORMANCE:|0|0|-1|-1

2020-07-31 11:34:36,658 INFO PERFORMANCE:|0|0|-1|-1

2020-07-31 11:39:36,663 INFO PERFORMANCE:|0|0|-1|-1

2020-07-31 11:44:36,670 INFO PERFORMANCE:|0|0|-1|-1

2020-07-31 11:49:36,675 INFO PERFORMANCE:|0|0|-1|-1

2020-07-31 11:54:36,680 INFO PERFORMANCE:|0|0|-1|-1

2020-07-31 11:59:36,686 INFO PERFORMANCE:|0|0|-1|-1

2020-07-31 12:04:36,691 INFO PERFORMANCE:|0|0|-1|-1

2020-07-31 12:09:36,696 INFO PERFORMANCE:|0|0|-1|-1

2020-07-31 12:14:36,702 INFO PERFORMANCE:|0|0|-1|-1

2020-07-31 12:19:36,707 INFO PERFORMANCE:|0|0|-1|-1

2020-07-31 12:24:36,713 INFO PERFORMANCE:|0|0|-1|-1

2020-07-31 12:29:36,718 INFO PERFORMANCE:|0|0|-1|-1

2020-07-31 12:34:36,723 INFO PERFORMANCE:|0|0|-1|-1

2020-07-31 12:39:36,728 INFO PERFORMANCE:|0|0|-1|-1

2020-07-31 12:44:36,734 INFO PERFORMANCE:|0|0|-1|-1

2020-07-31 12:49:36,739 INFO PERFORMANCE:|0|0|-1|-1

2020-07-31 12:54:36,744 INFO PERFORMANCE:|0|0|-1|-1

2020-07-31 12:59:36,749 INFO PERFORMANCE:|0|0|-1|-1

2020-07-31 13:04:36,754 INFO PERFORMANCE:|0|0|-1|-1

2020-07-31 13:09:36,759 INFO PERFORMANCE:|0|0|-1|-1

2020-07-31 13:14:36,764 INFO PERFORMANCE:|0|0|-1|-1

2020-07-31 13:19:36,770 INFO PERFORMANCE:|0|0|-1|-1

2020-07-31 13:24:36,775 INFO PERFORMANCE:|0|0|-1|-1

2020-07-31 13:29:36,781 INFO PERFORMANCE:|0|0|-1|-1

2020-07-31 13:34:36,786 INFO PERFORMANCE:|0|0|-1|-1

2020-07-31 13:39:36,792 INFO PERFORMANCE:|0|0|-1|-1

2020-07-31 13:44:36,797 INFO PERFORMANCE:|0|0|-1|-1

2020-07-31 13:49:36,803 INFO PERFORMANCE:|0|0|-1|-1

2020-07-31 13:54:36,808 INFO PERFORMANCE:|0|0|-1|-1

2020-07-31 13:59:36,813 INFO PERFORMANCE:|0|0|-1|-1

2020-07-31 14:04:36,818 INFO PERFORMANCE:|0|0|-1|-1

2020-07-31 14:09:36,823 INFO PERFORMANCE:|0|0|-1|-1

2020-07-31 14:14:36,829 INFO PERFORMANCE:|0|0|-1|-1

2020-07-31 14:19:36,836 INFO PERFORMANCE:|0|0|-1|-1

2020-07-31 14:24:36,842 INFO PERFORMANCE:|0|0|-1|-1

2020-07-31 14:29:36,848 INFO PERFORMANCE:|0|0|-1|-1

2020-07-31 14:34:36,853 INFO PERFORMANCE:|0|0|-1|-1

2020-07-31 14:39:36,858 INFO PERFORMANCE:|0|0|-1|-1

2020-07-31 14:44:36,863 INFO PERFORMANCE:|0|0|-1|-1

2020-07-31 14:49:36,870 INFO PERFORMANCE:|0|0|-1|-1

2020-07-31 14:54:36,875 INFO PERFORMANCE:|0|0|-1|-1

2020-07-31 14:59:36,881 INFO PERFORMANCE:|0|0|-1|-1

2020-07-31 15:04:36,886 INFO PERFORMANCE:|0|0|-1|-1

2020-07-31 15:09:36,908 INFO PERFORMANCE:|0|0|-1|-1

